[0.008s] Invoking command in '/home/adrien/dev_ws/src/build/team6_car': CMAKE_PREFIX_PATH=/opt/ros/humble /usr/bin/cmake /home/adrien/dev_ws/src/team6_car -DAMENT_CMAKE_SYMLINK_INSTALL=1 -DCMAKE_INSTALL_PREFIX=/home/adrien/dev_ws/src/install/team6_car
[0.102s] -- The C compiler identification is GNU 11.4.0
[0.195s] -- The CXX compiler identification is GNU 11.4.0
[0.202s] -- Detecting C compiler ABI info
[0.254s] -- Detecting C compiler ABI info - done
[0.259s] -- Check for working C compiler: /usr/bin/cc - skipped
[0.260s] -- Detecting C compile features
[0.260s] -- Detecting C compile features - done
[0.263s] -- Detecting CXX compiler ABI info
[0.323s] -- Detecting CXX compiler ABI info - done
[0.328s] -- Check for working CXX compiler: /usr/bin/c++ - skipped
[0.328s] -- Detecting CXX compile features
[0.328s] -- Detecting CXX compile features - done
[0.331s] -- Found ament_cmake: 1.3.8 (/opt/ros/humble/share/ament_cmake/cmake)
[0.430s] -- Found Python3: /usr/bin/python3 (found version "3.10.12") found components: Interpreter 
[0.472s] -- Override CMake install command with custom implementation using symlinks instead of copying resources
[0.497s] -- Found ament_lint_auto: 0.12.10 (/opt/ros/humble/share/ament_lint_auto/cmake)
[0.553s] -- Added test 'copyright' to check source files copyright and LICENSE
[0.560s] -- Added test 'flake8' to check Python code syntax and style conventions
[0.561s] -- Added test 'lint_cmake' to check CMake code style
[0.561s] -- Added test 'pep257' to check Python code against some of the docstring style conventions in PEP 257
[0.564s] -- Added test 'xmllint' to check XML markup files
[0.565s] -- Configuring done
[0.567s] -- Generating done
[0.567s] -- Build files have been written to: /home/adrien/dev_ws/src/build/team6_car
[0.571s] Invoked command in '/home/adrien/dev_ws/src/build/team6_car' returned '0': CMAKE_PREFIX_PATH=/opt/ros/humble /usr/bin/cmake /home/adrien/dev_ws/src/team6_car -DAMENT_CMAKE_SYMLINK_INSTALL=1 -DCMAKE_INSTALL_PREFIX=/home/adrien/dev_ws/src/install/team6_car
[0.572s] Invoking command in '/home/adrien/dev_ws/src/build/team6_car': CMAKE_PREFIX_PATH=/opt/ros/humble /usr/bin/cmake --build /home/adrien/dev_ws/src/build/team6_car -- -j8 -l8
[0.606s] Invoked command in '/home/adrien/dev_ws/src/build/team6_car' returned '0': CMAKE_PREFIX_PATH=/opt/ros/humble /usr/bin/cmake --build /home/adrien/dev_ws/src/build/team6_car -- -j8 -l8
[0.649s] Invoking command in '/home/adrien/dev_ws/src/build/team6_car': CMAKE_PREFIX_PATH=/opt/ros/humble /usr/bin/cmake --install /home/adrien/dev_ws/src/build/team6_car
[0.657s] -- Install configuration: ""
[0.658s] -- Execute custom install script
[0.658s] -- Symlinking: /home/adrien/dev_ws/src/install/team6_car/share/team6_car/config/empty.yaml
[0.668s] -- Symlinking: /home/adrien/dev_ws/src/install/team6_car/share/team6_car/description/inertial_macros.xacro
[0.674s] -- Symlinking: /home/adrien/dev_ws/src/install/team6_car/share/team6_car/description/robot.urdf.xacro
[0.679s] -- Symlinking: /home/adrien/dev_ws/src/install/team6_car/share/team6_car/description/robot_colors.xacro
[0.684s] -- Symlinking: /home/adrien/dev_ws/src/install/team6_car/share/team6_car/description/robot_core.xacro
[0.689s] -- Symlinking: /home/adrien/dev_ws/src/install/team6_car/share/team6_car/launch/rsp.launch.py
[0.694s] -- Symlinking: /home/adrien/dev_ws/src/install/team6_car/share/team6_car/worlds/empty.world
[0.700s] -- Symlinking: /home/adrien/dev_ws/src/install/team6_car/share/ament_index/resource_index/package_run_dependencies/team6_car
[0.705s] -- Symlinking: /home/adrien/dev_ws/src/install/team6_car/share/ament_index/resource_index/parent_prefix_path/team6_car
[0.710s] -- Symlinking: /home/adrien/dev_ws/src/install/team6_car/share/team6_car/environment/ament_prefix_path.sh
[0.716s] -- Symlinking: /home/adrien/dev_ws/src/install/team6_car/share/team6_car/environment/ament_prefix_path.dsv
[0.721s] -- Symlinking: /home/adrien/dev_ws/src/install/team6_car/share/team6_car/environment/path.sh
[0.726s] -- Symlinking: /home/adrien/dev_ws/src/install/team6_car/share/team6_car/environment/path.dsv
[0.732s] -- Symlinking: /home/adrien/dev_ws/src/install/team6_car/share/team6_car/local_setup.bash
[0.738s] -- Symlinking: /home/adrien/dev_ws/src/install/team6_car/share/team6_car/local_setup.sh
[0.743s] -- Symlinking: /home/adrien/dev_ws/src/install/team6_car/share/team6_car/local_setup.zsh
[0.749s] -- Symlinking: /home/adrien/dev_ws/src/install/team6_car/share/team6_car/local_setup.dsv
[0.755s] -- Symlinking: /home/adrien/dev_ws/src/install/team6_car/share/team6_car/package.dsv
[0.761s] -- Symlinking: /home/adrien/dev_ws/src/install/team6_car/share/ament_index/resource_index/packages/team6_car
[0.766s] -- Symlinking: /home/adrien/dev_ws/src/install/team6_car/share/team6_car/cmake/team6_carConfig.cmake
[0.771s] -- Symlinking: /home/adrien/dev_ws/src/install/team6_car/share/team6_car/cmake/team6_carConfig-version.cmake
[0.778s] -- Symlinking: /home/adrien/dev_ws/src/install/team6_car/share/team6_car/package.xml
[0.787s] Invoked command in '/home/adrien/dev_ws/src/build/team6_car' returned '0': CMAKE_PREFIX_PATH=/opt/ros/humble /usr/bin/cmake --install /home/adrien/dev_ws/src/build/team6_car
