[0.370s] DEBUG:colcon:Command line arguments: ['/usr/bin/colcon', 'build', '--symlink-install']
[0.370s] DEBUG:colcon:Parsed command line arguments: Namespace(log_base=None, log_level=None, verb_name='build', build_base='build', install_base='install', merge_install=False, symlink_install=True, test_result_base=None, continue_on_error=False, executor='parallel', parallel_workers=4, event_handlers=None, ignore_user_meta=False, metas=['./colcon.meta'], base_paths=['.'], packages_ignore=None, packages_ignore_regex=None, paths=None, packages_up_to=None, packages_up_to_regex=None, packages_above=None, packages_above_and_dependencies=None, packages_above_depth=None, packages_select_by_dep=None, packages_skip_by_dep=None, packages_skip_up_to=None, packages_select_build_failed=False, packages_skip_build_finished=False, packages_select_test_failures=False, packages_skip_test_passed=False, packages_select=None, packages_skip=None, packages_select_regex=None, packages_skip_regex=None, packages_start=None, packages_end=None, allow_overriding=[], cmake_args=None, cmake_target=None, cmake_target_skip_unavailable=False, cmake_clean_cache=False, cmake_clean_first=False, cmake_force_configure=False, ament_cmake_args=None, catkin_cmake_args=None, catkin_skip_building_tests=False, mixin_files=None, mixin=None, verb_parser=<colcon_mixin.mixin.mixin_argument.MixinArgumentDecorator object at 0x7ca8fbf4e260>, verb_extension=<colcon_core.verb.build.BuildVerb object at 0x7ca8fbf4d3c0>, main=<bound method BuildVerb.main of <colcon_core.verb.build.BuildVerb object at 0x7ca8fbf4d3c0>>, mixin_verb=('build',))
[0.672s] Level 1:colcon.colcon_core.package_discovery:discover_packages(colcon_meta) check parameters
[0.672s] Level 1:colcon.colcon_core.package_discovery:discover_packages(recursive) check parameters
[0.673s] Level 1:colcon.colcon_core.package_discovery:discover_packages(ignore) check parameters
[0.673s] Level 1:colcon.colcon_core.package_discovery:discover_packages(path) check parameters
[0.673s] Level 1:colcon.colcon_core.package_discovery:discover_packages(colcon_meta) discover
[0.673s] Level 1:colcon.colcon_core.package_discovery:discover_packages(recursive) discover
[0.673s] INFO:colcon.colcon_core.package_discovery:Crawling recursively for packages in '/home/adrien/dev_ws/src/team6_car'
[0.673s] Level 1:colcon.colcon_core.package_identification:_identify(.) by extensions ['ignore', 'ignore_ament_install']
[0.673s] Level 1:colcon.colcon_core.package_identification:_identify(.) by extension 'ignore'
[0.673s] Level 1:colcon.colcon_core.package_identification:_identify(.) by extension 'ignore_ament_install'
[0.673s] Level 1:colcon.colcon_core.package_identification:_identify(.) by extensions ['colcon_pkg']
[0.673s] Level 1:colcon.colcon_core.package_identification:_identify(.) by extension 'colcon_pkg'
[0.673s] Level 1:colcon.colcon_core.package_identification:_identify(.) by extensions ['colcon_meta']
[0.673s] Level 1:colcon.colcon_core.package_identification:_identify(.) by extension 'colcon_meta'
[0.673s] Level 1:colcon.colcon_core.package_identification:_identify(.) by extensions ['ros']
[0.673s] Level 1:colcon.colcon_core.package_identification:_identify(.) by extension 'ros'
[0.692s] DEBUG:colcon.colcon_core.package_identification:Package '.' with type 'ros.ament_cmake' and name 'team6_car'
[0.692s] Level 1:colcon.colcon_core.package_discovery:discover_packages(recursive) using defaults
[0.692s] Level 1:colcon.colcon_core.package_discovery:discover_packages(ignore) discover
[0.692s] Level 1:colcon.colcon_core.package_discovery:discover_packages(ignore) using defaults
[0.692s] Level 1:colcon.colcon_core.package_discovery:discover_packages(path) discover
[0.692s] Level 1:colcon.colcon_core.package_discovery:discover_packages(path) using defaults
[0.725s] Level 1:colcon.colcon_core.package_discovery:discover_packages(prefix_path) check parameters
[0.725s] Level 1:colcon.colcon_core.package_discovery:discover_packages(prefix_path) discover
[0.731s] DEBUG:colcon.colcon_installed_package_information.package_discovery:Found 367 installed packages in /opt/ros/humble
[0.740s] Level 1:colcon.colcon_core.package_discovery:discover_packages(prefix_path) using defaults
[0.864s] Level 5:colcon.colcon_core.verb:set package 'team6_car' build argument 'cmake_args' from command line to 'None'
[0.864s] Level 5:colcon.colcon_core.verb:set package 'team6_car' build argument 'cmake_target' from command line to 'None'
[0.864s] Level 5:colcon.colcon_core.verb:set package 'team6_car' build argument 'cmake_target_skip_unavailable' from command line to 'False'
[0.864s] Level 5:colcon.colcon_core.verb:set package 'team6_car' build argument 'cmake_clean_cache' from command line to 'False'
[0.864s] Level 5:colcon.colcon_core.verb:set package 'team6_car' build argument 'cmake_clean_first' from command line to 'False'
[0.864s] Level 5:colcon.colcon_core.verb:set package 'team6_car' build argument 'cmake_force_configure' from command line to 'False'
[0.864s] Level 5:colcon.colcon_core.verb:set package 'team6_car' build argument 'ament_cmake_args' from command line to 'None'
[0.864s] Level 5:colcon.colcon_core.verb:set package 'team6_car' build argument 'catkin_cmake_args' from command line to 'None'
[0.864s] Level 5:colcon.colcon_core.verb:set package 'team6_car' build argument 'catkin_skip_building_tests' from command line to 'False'
[0.864s] DEBUG:colcon.colcon_core.verb:Building package 'team6_car' with the following arguments: {'ament_cmake_args': None, 'build_base': '/home/adrien/dev_ws/src/team6_car/build/team6_car', 'catkin_cmake_args': None, 'catkin_skip_building_tests': False, 'cmake_args': None, 'cmake_clean_cache': False, 'cmake_clean_first': False, 'cmake_force_configure': False, 'cmake_target': None, 'cmake_target_skip_unavailable': False, 'install_base': '/home/adrien/dev_ws/src/team6_car/install/team6_car', 'merge_install': False, 'path': '/home/adrien/dev_ws/src/team6_car', 'symlink_install': True, 'test_result_base': None}
[0.864s] INFO:colcon.colcon_core.executor:Executing jobs using 'parallel' executor
[0.865s] DEBUG:colcon.colcon_parallel_executor.executor.parallel:run_until_complete
[0.865s] INFO:colcon.colcon_ros.task.ament_cmake.build:Building ROS package in '/home/adrien/dev_ws/src/team6_car' with build type 'ament_cmake'
[0.865s] INFO:colcon.colcon_cmake.task.cmake.build:Building CMake package in '/home/adrien/dev_ws/src/team6_car'
[0.870s] INFO:colcon.colcon_core.plugin_system:Skipping extension 'colcon_core.shell.bat': Not used on non-Windows systems
[0.870s] INFO:colcon.colcon_core.shell:Skip shell extension 'powershell' for command environment: Not usable outside of PowerShell
[0.870s] DEBUG:colcon.colcon_core.shell:Skip shell extension 'dsv' for command environment
[0.876s] DEBUG:colcon.colcon_core.event_handler.log_command:Invoking command in '/home/adrien/dev_ws/src/team6_car/build/team6_car': CMAKE_PREFIX_PATH=/opt/ros/humble /usr/bin/cmake /home/adrien/dev_ws/src/team6_car -DAMENT_CMAKE_SYMLINK_INSTALL=1 -DCMAKE_INSTALL_PREFIX=/home/adrien/dev_ws/src/team6_car/install/team6_car
[2.885s] DEBUG:colcon.colcon_core.event_handler.log_command:Invoked command in '/home/adrien/dev_ws/src/team6_car/build/team6_car' returned '0': CMAKE_PREFIX_PATH=/opt/ros/humble /usr/bin/cmake /home/adrien/dev_ws/src/team6_car -DAMENT_CMAKE_SYMLINK_INSTALL=1 -DCMAKE_INSTALL_PREFIX=/home/adrien/dev_ws/src/team6_car/install/team6_car
[2.887s] DEBUG:colcon.colcon_core.event_handler.log_command:Invoking command in '/home/adrien/dev_ws/src/team6_car/build/team6_car': CMAKE_PREFIX_PATH=/opt/ros/humble /usr/bin/cmake --build /home/adrien/dev_ws/src/team6_car/build/team6_car -- -j4 -l4
[2.917s] DEBUG:colcon.colcon_core.event_handler.log_command:Invoked command in '/home/adrien/dev_ws/src/team6_car/build/team6_car' returned '0': CMAKE_PREFIX_PATH=/opt/ros/humble /usr/bin/cmake --build /home/adrien/dev_ws/src/team6_car/build/team6_car -- -j4 -l4
[2.941s] DEBUG:colcon.colcon_core.event_handler.log_command:Invoking command in '/home/adrien/dev_ws/src/team6_car/build/team6_car': CMAKE_PREFIX_PATH=/opt/ros/humble /usr/bin/cmake --install /home/adrien/dev_ws/src/team6_car/build/team6_car
[3.235s] Level 1:colcon.colcon_core.environment:create_environment_scripts_only(team6_car)
[3.235s] DEBUG:colcon.colcon_core.event_handler.log_command:Invoked command in '/home/adrien/dev_ws/src/team6_car/build/team6_car' returned '0': CMAKE_PREFIX_PATH=/opt/ros/humble /usr/bin/cmake --install /home/adrien/dev_ws/src/team6_car/build/team6_car
[3.242s] Level 1:colcon.colcon_core.environment:checking '/home/adrien/dev_ws/src/team6_car/install/team6_car' for CMake module files
[3.243s] Level 1:colcon.colcon_core.environment:checking '/home/adrien/dev_ws/src/team6_car/install/team6_car' for CMake config files
[3.243s] Level 1:colcon.colcon_core.shell:create_environment_hook('team6_car', 'cmake_prefix_path')
[3.243s] INFO:colcon.colcon_core.shell:Creating environment hook '/home/adrien/dev_ws/src/team6_car/install/team6_car/share/team6_car/hook/cmake_prefix_path.ps1'
[3.244s] INFO:colcon.colcon_core.shell:Creating environment descriptor '/home/adrien/dev_ws/src/team6_car/install/team6_car/share/team6_car/hook/cmake_prefix_path.dsv'
[3.245s] INFO:colcon.colcon_core.shell:Creating environment hook '/home/adrien/dev_ws/src/team6_car/install/team6_car/share/team6_car/hook/cmake_prefix_path.sh'
[3.246s] Level 1:colcon.colcon_core.environment:checking '/home/adrien/dev_ws/src/team6_car/install/team6_car/bin'
[3.246s] Level 1:colcon.colcon_core.environment:checking '/home/adrien/dev_ws/src/team6_car/install/team6_car/lib/pkgconfig/team6_car.pc'
[3.246s] Level 1:colcon.colcon_core.environment:checking '/home/adrien/dev_ws/src/team6_car/install/team6_car/lib/python3.10/site-packages'
[3.246s] Level 1:colcon.colcon_core.environment:checking '/home/adrien/dev_ws/src/team6_car/install/team6_car/bin'
[3.247s] INFO:colcon.colcon_core.shell:Creating package script '/home/adrien/dev_ws/src/team6_car/install/team6_car/share/team6_car/package.ps1'
[3.248s] INFO:colcon.colcon_core.shell:Creating package descriptor '/home/adrien/dev_ws/src/team6_car/install/team6_car/share/team6_car/package.dsv'
[3.248s] INFO:colcon.colcon_core.shell:Creating package script '/home/adrien/dev_ws/src/team6_car/install/team6_car/share/team6_car/package.sh'
[3.249s] INFO:colcon.colcon_core.shell:Creating package script '/home/adrien/dev_ws/src/team6_car/install/team6_car/share/team6_car/package.bash'
[3.250s] INFO:colcon.colcon_core.shell:Creating package script '/home/adrien/dev_ws/src/team6_car/install/team6_car/share/team6_car/package.zsh'
[3.251s] Level 1:colcon.colcon_core.environment:create_file_with_runtime_dependencies(/home/adrien/dev_ws/src/team6_car/install/team6_car/share/colcon-core/packages/team6_car)
[3.268s] Level 1:colcon.colcon_core.environment:create_environment_scripts_only(team6_car)
[3.268s] Level 1:colcon.colcon_core.environment:checking '/home/adrien/dev_ws/src/team6_car/install/team6_car' for CMake module files
[3.269s] Level 1:colcon.colcon_core.environment:checking '/home/adrien/dev_ws/src/team6_car/install/team6_car' for CMake config files
[3.269s] Level 1:colcon.colcon_core.shell:create_environment_hook('team6_car', 'cmake_prefix_path')
[3.270s] INFO:colcon.colcon_core.shell:Creating environment hook '/home/adrien/dev_ws/src/team6_car/install/team6_car/share/team6_car/hook/cmake_prefix_path.ps1'
[3.270s] INFO:colcon.colcon_core.shell:Creating environment descriptor '/home/adrien/dev_ws/src/team6_car/install/team6_car/share/team6_car/hook/cmake_prefix_path.dsv'
[3.270s] INFO:colcon.colcon_core.shell:Creating environment hook '/home/adrien/dev_ws/src/team6_car/install/team6_car/share/team6_car/hook/cmake_prefix_path.sh'
[3.271s] Level 1:colcon.colcon_core.environment:checking '/home/adrien/dev_ws/src/team6_car/install/team6_car/bin'
[3.271s] Level 1:colcon.colcon_core.environment:checking '/home/adrien/dev_ws/src/team6_car/install/team6_car/lib/pkgconfig/team6_car.pc'
[3.271s] Level 1:colcon.colcon_core.environment:checking '/home/adrien/dev_ws/src/team6_car/install/team6_car/lib/python3.10/site-packages'
[3.271s] Level 1:colcon.colcon_core.environment:checking '/home/adrien/dev_ws/src/team6_car/install/team6_car/bin'
[3.272s] INFO:colcon.colcon_core.shell:Creating package script '/home/adrien/dev_ws/src/team6_car/install/team6_car/share/team6_car/package.ps1'
[3.272s] INFO:colcon.colcon_core.shell:Creating package descriptor '/home/adrien/dev_ws/src/team6_car/install/team6_car/share/team6_car/package.dsv'
[3.273s] INFO:colcon.colcon_core.shell:Creating package script '/home/adrien/dev_ws/src/team6_car/install/team6_car/share/team6_car/package.sh'
[3.273s] INFO:colcon.colcon_core.shell:Creating package script '/home/adrien/dev_ws/src/team6_car/install/team6_car/share/team6_car/package.bash'
[3.274s] INFO:colcon.colcon_core.shell:Creating package script '/home/adrien/dev_ws/src/team6_car/install/team6_car/share/team6_car/package.zsh'
[3.274s] Level 1:colcon.colcon_core.environment:create_file_with_runtime_dependencies(/home/adrien/dev_ws/src/team6_car/install/team6_car/share/colcon-core/packages/team6_car)
[3.274s] DEBUG:colcon.colcon_parallel_executor.executor.parallel:closing loop
[3.275s] DEBUG:colcon.colcon_parallel_executor.executor.parallel:loop closed
[3.275s] DEBUG:colcon.colcon_parallel_executor.executor.parallel:run_until_complete finished with '0'
[3.275s] DEBUG:colcon.colcon_core.event_reactor:joining thread
[3.283s] INFO:colcon.colcon_core.plugin_system:Skipping extension 'colcon_notification.desktop_notification.terminal_notifier': Not used on non-Darwin systems
[3.283s] INFO:colcon.colcon_core.plugin_system:Skipping extension 'colcon_notification.desktop_notification.win32': Not used on non-Windows systems
[3.283s] INFO:colcon.colcon_notification.desktop_notification:Sending desktop notification using 'notify2'
[3.293s] DEBUG:colcon.colcon_core.event_reactor:joined thread
[3.293s] INFO:colcon.colcon_core.shell:Creating prefix script '/home/adrien/dev_ws/src/team6_car/install/local_setup.ps1'
[3.294s] INFO:colcon.colcon_core.shell:Creating prefix util module '/home/adrien/dev_ws/src/team6_car/install/_local_setup_util_ps1.py'
[3.295s] INFO:colcon.colcon_core.shell:Creating prefix chain script '/home/adrien/dev_ws/src/team6_car/install/setup.ps1'
[3.296s] INFO:colcon.colcon_core.shell:Creating prefix script '/home/adrien/dev_ws/src/team6_car/install/local_setup.sh'
[3.297s] INFO:colcon.colcon_core.shell:Creating prefix util module '/home/adrien/dev_ws/src/team6_car/install/_local_setup_util_sh.py'
[3.297s] INFO:colcon.colcon_core.shell:Creating prefix chain script '/home/adrien/dev_ws/src/team6_car/install/setup.sh'
[3.298s] INFO:colcon.colcon_core.shell:Creating prefix script '/home/adrien/dev_ws/src/team6_car/install/local_setup.bash'
[3.299s] INFO:colcon.colcon_core.shell:Creating prefix chain script '/home/adrien/dev_ws/src/team6_car/install/setup.bash'
[3.300s] INFO:colcon.colcon_core.shell:Creating prefix script '/home/adrien/dev_ws/src/team6_car/install/local_setup.zsh'
[3.300s] INFO:colcon.colcon_core.shell:Creating prefix chain script '/home/adrien/dev_ws/src/team6_car/install/setup.zsh'
