[0.063s] DEBUG:colcon:Command line arguments: ['/usr/bin/colcon', 'build', '--symlink-install']
[0.063s] DEBUG:colcon:Parsed command line arguments: Namespace(log_base=None, log_level=None, verb_name='build', build_base='build', install_base='install', merge_install=False, symlink_install=True, test_result_base=None, continue_on_error=False, executor='parallel', parallel_workers=8, event_handlers=None, ignore_user_meta=False, metas=['./colcon.meta'], base_paths=['.'], packages_ignore=None, packages_ignore_regex=None, paths=None, packages_up_to=None, packages_up_to_regex=None, packages_above=None, packages_above_and_dependencies=None, packages_above_depth=None, packages_select_by_dep=None, packages_skip_by_dep=None, packages_skip_up_to=None, packages_select_build_failed=False, packages_skip_build_finished=False, packages_select_test_failures=False, packages_skip_test_passed=False, packages_select=None, packages_skip=None, packages_select_regex=None, packages_skip_regex=None, packages_start=None, packages_end=None, allow_overriding=[], cmake_args=None, cmake_target=None, cmake_target_skip_unavailable=False, cmake_clean_cache=False, cmake_clean_first=False, cmake_force_configure=False, ament_cmake_args=None, catkin_cmake_args=None, catkin_skip_building_tests=False, verb_parser=<colcon_defaults.argument_parser.defaults.DefaultArgumentsDecorator object at 0x7ec9e0055360>, verb_extension=<colcon_core.verb.build.BuildVerb object at 0x7ec9e01c9810>, main=<bound method BuildVerb.main of <colcon_core.verb.build.BuildVerb object at 0x7ec9e01c9810>>)
[0.187s] Level 1:colcon.colcon_core.package_discovery:discover_packages(colcon_meta) check parameters
[0.187s] Level 1:colcon.colcon_core.package_discovery:discover_packages(recursive) check parameters
[0.187s] Level 1:colcon.colcon_core.package_discovery:discover_packages(ignore) check parameters
[0.187s] Level 1:colcon.colcon_core.package_discovery:discover_packages(path) check parameters
[0.187s] Level 1:colcon.colcon_core.package_discovery:discover_packages(colcon_meta) discover
[0.187s] Level 1:colcon.colcon_core.package_discovery:discover_packages(recursive) discover
[0.187s] INFO:colcon.colcon_core.package_discovery:Crawling recursively for packages in '/home/adrien/dev_ws/src'
[0.187s] Level 1:colcon.colcon_core.package_identification:_identify(.) by extensions ['ignore', 'ignore_ament_install']
[0.187s] Level 1:colcon.colcon_core.package_identification:_identify(.) by extension 'ignore'
[0.187s] Level 1:colcon.colcon_core.package_identification:_identify(.) by extension 'ignore_ament_install'
[0.188s] Level 1:colcon.colcon_core.package_identification:_identify(.) by extensions ['colcon_pkg']
[0.188s] Level 1:colcon.colcon_core.package_identification:_identify(.) by extension 'colcon_pkg'
[0.188s] Level 1:colcon.colcon_core.package_identification:_identify(.) by extensions ['colcon_meta']
[0.188s] Level 1:colcon.colcon_core.package_identification:_identify(.) by extension 'colcon_meta'
[0.188s] Level 1:colcon.colcon_core.package_identification:_identify(.) by extensions ['ros']
[0.188s] Level 1:colcon.colcon_core.package_identification:_identify(.) by extension 'ros'
[0.203s] DEBUG:colcon.colcon_core.package_identification:Package '.' with type 'ros.ament_cmake' and name 'team6_car'
[0.203s] Level 1:colcon.colcon_core.package_discovery:discover_packages(recursive) using defaults
[0.203s] Level 1:colcon.colcon_core.package_discovery:discover_packages(ignore) discover
[0.203s] Level 1:colcon.colcon_core.package_discovery:discover_packages(ignore) using defaults
[0.203s] Level 1:colcon.colcon_core.package_discovery:discover_packages(path) discover
[0.203s] Level 1:colcon.colcon_core.package_discovery:discover_packages(path) using defaults
[0.215s] Level 1:colcon.colcon_core.package_discovery:discover_packages(prefix_path) check parameters
[0.215s] Level 1:colcon.colcon_core.package_discovery:discover_packages(prefix_path) discover
[0.216s] DEBUG:colcon.colcon_installed_package_information.package_discovery:Found 365 installed packages in /opt/ros/humble
[0.218s] Level 1:colcon.colcon_core.package_discovery:discover_packages(prefix_path) using defaults
[0.244s] Level 5:colcon.colcon_core.verb:set package 'team6_car' build argument 'cmake_args' from command line to 'None'
[0.244s] Level 5:colcon.colcon_core.verb:set package 'team6_car' build argument 'cmake_target' from command line to 'None'
[0.244s] Level 5:colcon.colcon_core.verb:set package 'team6_car' build argument 'cmake_target_skip_unavailable' from command line to 'False'
[0.244s] Level 5:colcon.colcon_core.verb:set package 'team6_car' build argument 'cmake_clean_cache' from command line to 'False'
[0.244s] Level 5:colcon.colcon_core.verb:set package 'team6_car' build argument 'cmake_clean_first' from command line to 'False'
[0.244s] Level 5:colcon.colcon_core.verb:set package 'team6_car' build argument 'cmake_force_configure' from command line to 'False'
[0.244s] Level 5:colcon.colcon_core.verb:set package 'team6_car' build argument 'ament_cmake_args' from command line to 'None'
[0.244s] Level 5:colcon.colcon_core.verb:set package 'team6_car' build argument 'catkin_cmake_args' from command line to 'None'
[0.244s] Level 5:colcon.colcon_core.verb:set package 'team6_car' build argument 'catkin_skip_building_tests' from command line to 'False'
[0.245s] DEBUG:colcon.colcon_core.verb:Building package 'team6_car' with the following arguments: {'ament_cmake_args': None, 'build_base': '/home/adrien/dev_ws/src/build/team6_car', 'catkin_cmake_args': None, 'catkin_skip_building_tests': False, 'cmake_args': None, 'cmake_clean_cache': False, 'cmake_clean_first': False, 'cmake_force_configure': False, 'cmake_target': None, 'cmake_target_skip_unavailable': False, 'install_base': '/home/adrien/dev_ws/src/install/team6_car', 'merge_install': False, 'path': '/home/adrien/dev_ws/src', 'symlink_install': True, 'test_result_base': None}
[0.245s] INFO:colcon.colcon_core.executor:Executing jobs using 'parallel' executor
[0.245s] DEBUG:colcon.colcon_parallel_executor.executor.parallel:run_until_complete
[0.245s] INFO:colcon.colcon_ros.task.ament_cmake.build:Building ROS package in '/home/adrien/dev_ws/src' with build type 'ament_cmake'
[0.246s] INFO:colcon.colcon_cmake.task.cmake.build:Building CMake package in '/home/adrien/dev_ws/src'
[0.247s] INFO:colcon.colcon_core.plugin_system:Skipping extension 'colcon_core.shell.bat': Not used on non-Windows systems
[0.247s] INFO:colcon.colcon_core.shell:Skip shell extension 'powershell' for command environment: Not usable outside of PowerShell
[0.247s] DEBUG:colcon.colcon_core.shell:Skip shell extension 'dsv' for command environment
[0.252s] DEBUG:colcon.colcon_core.event_handler.log_command:Invoking command in '/home/adrien/dev_ws/src/build/team6_car': CMAKE_PREFIX_PATH=/opt/ros/humble /usr/bin/cmake --build /home/adrien/dev_ws/src/build/team6_car -- -j8 -l8
[0.454s] DEBUG:colcon.colcon_core.event_handler.log_command:Invoked command in '/home/adrien/dev_ws/src/build/team6_car' returned '0': CMAKE_PREFIX_PATH=/opt/ros/humble /usr/bin/cmake --build /home/adrien/dev_ws/src/build/team6_car -- -j8 -l8
[0.477s] DEBUG:colcon.colcon_core.event_handler.log_command:Invoking command in '/home/adrien/dev_ws/src/build/team6_car': CMAKE_PREFIX_PATH=/opt/ros/humble /usr/bin/cmake --install /home/adrien/dev_ws/src/build/team6_car
[0.500s] Level 1:colcon.colcon_core.environment:create_environment_scripts_only(team6_car)
[0.500s] DEBUG:colcon.colcon_core.event_handler.log_command:Invoked command in '/home/adrien/dev_ws/src/build/team6_car' returned '0': CMAKE_PREFIX_PATH=/opt/ros/humble /usr/bin/cmake --install /home/adrien/dev_ws/src/build/team6_car
[0.502s] Level 1:colcon.colcon_core.environment:checking '/home/adrien/dev_ws/src/install/team6_car' for CMake module files
[0.503s] Level 1:colcon.colcon_core.environment:checking '/home/adrien/dev_ws/src/install/team6_car' for CMake config files
[0.503s] Level 1:colcon.colcon_core.shell:create_environment_hook('team6_car', 'cmake_prefix_path')
[0.503s] INFO:colcon.colcon_core.shell:Creating environment hook '/home/adrien/dev_ws/src/install/team6_car/share/team6_car/hook/cmake_prefix_path.ps1'
[0.504s] INFO:colcon.colcon_core.shell:Creating environment descriptor '/home/adrien/dev_ws/src/install/team6_car/share/team6_car/hook/cmake_prefix_path.dsv'
[0.504s] INFO:colcon.colcon_core.shell:Creating environment hook '/home/adrien/dev_ws/src/install/team6_car/share/team6_car/hook/cmake_prefix_path.sh'
[0.505s] Level 1:colcon.colcon_core.environment:checking '/home/adrien/dev_ws/src/install/team6_car/lib'
[0.505s] Level 1:colcon.colcon_core.environment:checking '/home/adrien/dev_ws/src/install/team6_car/bin'
[0.506s] Level 1:colcon.colcon_core.environment:checking '/home/adrien/dev_ws/src/install/team6_car/lib/pkgconfig/team6_car.pc'
[0.506s] Level 1:colcon.colcon_core.environment:checking '/home/adrien/dev_ws/src/install/team6_car/lib/python3.10/site-packages'
[0.506s] Level 1:colcon.colcon_core.shell:create_environment_hook('team6_car', 'pythonpath')
[0.506s] INFO:colcon.colcon_core.shell:Creating environment hook '/home/adrien/dev_ws/src/install/team6_car/share/team6_car/hook/pythonpath.ps1'
[0.506s] INFO:colcon.colcon_core.shell:Creating environment descriptor '/home/adrien/dev_ws/src/install/team6_car/share/team6_car/hook/pythonpath.dsv'
[0.507s] INFO:colcon.colcon_core.shell:Creating environment hook '/home/adrien/dev_ws/src/install/team6_car/share/team6_car/hook/pythonpath.sh'
[0.507s] Level 1:colcon.colcon_core.environment:checking '/home/adrien/dev_ws/src/install/team6_car/bin'
[0.507s] INFO:colcon.colcon_core.shell:Creating package script '/home/adrien/dev_ws/src/install/team6_car/share/team6_car/package.ps1'
[0.508s] INFO:colcon.colcon_core.shell:Creating package descriptor '/home/adrien/dev_ws/src/install/team6_car/share/team6_car/package.dsv'
[0.508s] INFO:colcon.colcon_core.shell:Creating package script '/home/adrien/dev_ws/src/install/team6_car/share/team6_car/package.sh'
[0.509s] INFO:colcon.colcon_core.shell:Creating package script '/home/adrien/dev_ws/src/install/team6_car/share/team6_car/package.bash'
[0.509s] INFO:colcon.colcon_core.shell:Creating package script '/home/adrien/dev_ws/src/install/team6_car/share/team6_car/package.zsh'
[0.510s] Level 1:colcon.colcon_core.environment:create_file_with_runtime_dependencies(/home/adrien/dev_ws/src/install/team6_car/share/colcon-core/packages/team6_car)
[0.525s] Level 1:colcon.colcon_core.environment:create_environment_scripts_only(team6_car)
[0.525s] Level 1:colcon.colcon_core.environment:checking '/home/adrien/dev_ws/src/install/team6_car' for CMake module files
[0.526s] Level 1:colcon.colcon_core.environment:checking '/home/adrien/dev_ws/src/install/team6_car' for CMake config files
[0.526s] Level 1:colcon.colcon_core.shell:create_environment_hook('team6_car', 'cmake_prefix_path')
[0.526s] INFO:colcon.colcon_core.shell:Creating environment hook '/home/adrien/dev_ws/src/install/team6_car/share/team6_car/hook/cmake_prefix_path.ps1'
[0.527s] INFO:colcon.colcon_core.shell:Creating environment descriptor '/home/adrien/dev_ws/src/install/team6_car/share/team6_car/hook/cmake_prefix_path.dsv'
[0.527s] INFO:colcon.colcon_core.shell:Creating environment hook '/home/adrien/dev_ws/src/install/team6_car/share/team6_car/hook/cmake_prefix_path.sh'
[0.527s] Level 1:colcon.colcon_core.environment:checking '/home/adrien/dev_ws/src/install/team6_car/lib'
[0.527s] Level 1:colcon.colcon_core.environment:checking '/home/adrien/dev_ws/src/install/team6_car/bin'
[0.527s] Level 1:colcon.colcon_core.environment:checking '/home/adrien/dev_ws/src/install/team6_car/lib/pkgconfig/team6_car.pc'
[0.527s] Level 1:colcon.colcon_core.environment:checking '/home/adrien/dev_ws/src/install/team6_car/lib/python3.10/site-packages'
[0.528s] Level 1:colcon.colcon_core.shell:create_environment_hook('team6_car', 'pythonpath')
[0.528s] INFO:colcon.colcon_core.shell:Creating environment hook '/home/adrien/dev_ws/src/install/team6_car/share/team6_car/hook/pythonpath.ps1'
[0.528s] INFO:colcon.colcon_core.shell:Creating environment descriptor '/home/adrien/dev_ws/src/install/team6_car/share/team6_car/hook/pythonpath.dsv'
[0.528s] INFO:colcon.colcon_core.shell:Creating environment hook '/home/adrien/dev_ws/src/install/team6_car/share/team6_car/hook/pythonpath.sh'
[0.529s] Level 1:colcon.colcon_core.environment:checking '/home/adrien/dev_ws/src/install/team6_car/bin'
[0.529s] INFO:colcon.colcon_core.shell:Creating package script '/home/adrien/dev_ws/src/install/team6_car/share/team6_car/package.ps1'
[0.529s] INFO:colcon.colcon_core.shell:Creating package descriptor '/home/adrien/dev_ws/src/install/team6_car/share/team6_car/package.dsv'
[0.530s] INFO:colcon.colcon_core.shell:Creating package script '/home/adrien/dev_ws/src/install/team6_car/share/team6_car/package.sh'
[0.530s] INFO:colcon.colcon_core.shell:Creating package script '/home/adrien/dev_ws/src/install/team6_car/share/team6_car/package.bash'
[0.530s] INFO:colcon.colcon_core.shell:Creating package script '/home/adrien/dev_ws/src/install/team6_car/share/team6_car/package.zsh'
[0.530s] Level 1:colcon.colcon_core.environment:create_file_with_runtime_dependencies(/home/adrien/dev_ws/src/install/team6_car/share/colcon-core/packages/team6_car)
[0.531s] DEBUG:colcon.colcon_parallel_executor.executor.parallel:closing loop
[0.531s] DEBUG:colcon.colcon_parallel_executor.executor.parallel:loop closed
[0.531s] DEBUG:colcon.colcon_parallel_executor.executor.parallel:run_until_complete finished with '0'
[0.531s] DEBUG:colcon.colcon_core.event_reactor:joining thread
[0.534s] INFO:colcon.colcon_core.plugin_system:Skipping extension 'colcon_notification.desktop_notification.terminal_notifier': Not used on non-Darwin systems
[0.534s] INFO:colcon.colcon_core.plugin_system:Skipping extension 'colcon_notification.desktop_notification.win32': Not used on non-Windows systems
[0.534s] INFO:colcon.colcon_notification.desktop_notification:Sending desktop notification using 'notify2'
[0.544s] DEBUG:colcon.colcon_core.event_reactor:joined thread
[0.544s] INFO:colcon.colcon_core.shell:Creating prefix script '/home/adrien/dev_ws/src/install/local_setup.ps1'
[0.545s] INFO:colcon.colcon_core.shell:Creating prefix util module '/home/adrien/dev_ws/src/install/_local_setup_util_ps1.py'
[0.546s] INFO:colcon.colcon_core.shell:Creating prefix chain script '/home/adrien/dev_ws/src/install/setup.ps1'
[0.546s] INFO:colcon.colcon_core.shell:Creating prefix script '/home/adrien/dev_ws/src/install/local_setup.sh'
[0.547s] INFO:colcon.colcon_core.shell:Creating prefix util module '/home/adrien/dev_ws/src/install/_local_setup_util_sh.py'
[0.547s] INFO:colcon.colcon_core.shell:Creating prefix chain script '/home/adrien/dev_ws/src/install/setup.sh'
[0.548s] INFO:colcon.colcon_core.shell:Creating prefix script '/home/adrien/dev_ws/src/install/local_setup.bash'
[0.548s] INFO:colcon.colcon_core.shell:Creating prefix chain script '/home/adrien/dev_ws/src/install/setup.bash'
[0.548s] INFO:colcon.colcon_core.shell:Creating prefix script '/home/adrien/dev_ws/src/install/local_setup.zsh'
[0.549s] INFO:colcon.colcon_core.shell:Creating prefix chain script '/home/adrien/dev_ws/src/install/setup.zsh'
