[0.090s] DEBUG:colcon:Command line arguments: ['/usr/bin/colcon', 'build', '--symlink-install']
[0.091s] DEBUG:colcon:Parsed command line arguments: Namespace(log_base=None, log_level=None, verb_name='build', build_base='build', install_base='install', merge_install=False, symlink_install=True, test_result_base=None, continue_on_error=False, executor='parallel', parallel_workers=8, event_handlers=None, ignore_user_meta=False, metas=['./colcon.meta'], base_paths=['.'], packages_ignore=None, packages_ignore_regex=None, paths=None, packages_up_to=None, packages_up_to_regex=None, packages_above=None, packages_above_and_dependencies=None, packages_above_depth=None, packages_select_by_dep=None, packages_skip_by_dep=None, packages_skip_up_to=None, packages_select_build_failed=False, packages_skip_build_finished=False, packages_select_test_failures=False, packages_skip_test_passed=False, packages_select=None, packages_skip=None, packages_select_regex=None, packages_skip_regex=None, packages_start=None, packages_end=None, allow_overriding=[], cmake_args=None, cmake_target=None, cmake_target_skip_unavailable=False, cmake_clean_cache=False, cmake_clean_first=False, cmake_force_configure=False, ament_cmake_args=None, catkin_cmake_args=None, catkin_skip_building_tests=False, verb_parser=<colcon_defaults.argument_parser.defaults.DefaultArgumentsDecorator object at 0x7786cb05d600>, verb_extension=<colcon_core.verb.build.BuildVerb object at 0x7786cb1cdab0>, main=<bound method BuildVerb.main of <colcon_core.verb.build.BuildVerb object at 0x7786cb1cdab0>>)
[0.253s] Level 1:colcon.colcon_core.package_discovery:discover_packages(colcon_meta) check parameters
[0.253s] Level 1:colcon.colcon_core.package_discovery:discover_packages(recursive) check parameters
[0.253s] Level 1:colcon.colcon_core.package_discovery:discover_packages(ignore) check parameters
[0.253s] Level 1:colcon.colcon_core.package_discovery:discover_packages(path) check parameters
[0.253s] Level 1:colcon.colcon_core.package_discovery:discover_packages(colcon_meta) discover
[0.253s] Level 1:colcon.colcon_core.package_discovery:discover_packages(recursive) discover
[0.253s] INFO:colcon.colcon_core.package_discovery:Crawling recursively for packages in '/home/adrien/dev_ws/src'
[0.253s] Level 1:colcon.colcon_core.package_identification:_identify(.) by extensions ['ignore', 'ignore_ament_install']
[0.253s] Level 1:colcon.colcon_core.package_identification:_identify(.) by extension 'ignore'
[0.253s] Level 1:colcon.colcon_core.package_identification:_identify(.) by extension 'ignore_ament_install'
[0.253s] Level 1:colcon.colcon_core.package_identification:_identify(.) by extensions ['colcon_pkg']
[0.253s] Level 1:colcon.colcon_core.package_identification:_identify(.) by extension 'colcon_pkg'
[0.253s] Level 1:colcon.colcon_core.package_identification:_identify(.) by extensions ['colcon_meta']
[0.253s] Level 1:colcon.colcon_core.package_identification:_identify(.) by extension 'colcon_meta'
[0.253s] Level 1:colcon.colcon_core.package_identification:_identify(.) by extensions ['ros']
[0.254s] Level 1:colcon.colcon_core.package_identification:_identify(.) by extension 'ros'
[0.273s] DEBUG:colcon.colcon_core.package_identification:Package '.' with type 'ros.ament_cmake' and name 'team6_car'
[0.273s] Level 1:colcon.colcon_core.package_discovery:discover_packages(recursive) using defaults
[0.273s] Level 1:colcon.colcon_core.package_discovery:discover_packages(ignore) discover
[0.273s] Level 1:colcon.colcon_core.package_discovery:discover_packages(ignore) using defaults
[0.273s] Level 1:colcon.colcon_core.package_discovery:discover_packages(path) discover
[0.273s] Level 1:colcon.colcon_core.package_discovery:discover_packages(path) using defaults
[0.290s] Level 1:colcon.colcon_core.package_discovery:discover_packages(prefix_path) check parameters
[0.290s] Level 1:colcon.colcon_core.package_discovery:discover_packages(prefix_path) discover
[0.291s] WARNING:colcon.colcon_core.prefix_path.colcon:The path '/home/adrien/dev_ws/test/install' in the environment variable COLCON_PREFIX_PATH doesn't exist
[0.292s] WARNING:colcon.colcon_ros.prefix_path.ament:The path '/home/adrien/dev_ws/test/install/team6_car' in the environment variable AMENT_PREFIX_PATH doesn't exist
[0.292s] WARNING:colcon.colcon_ros.prefix_path.catkin:The path '/home/adrien/dev_ws/test/install/team6_car' in the environment variable CMAKE_PREFIX_PATH doesn't exist
[0.293s] DEBUG:colcon.colcon_installed_package_information.package_discovery:Found 1 installed packages in /home/adrien/dev_ws/src/install
[0.294s] DEBUG:colcon.colcon_installed_package_information.package_discovery:Found 365 installed packages in /opt/ros/humble
[0.296s] Level 1:colcon.colcon_core.package_discovery:discover_packages(prefix_path) using defaults
[0.336s] Level 5:colcon.colcon_core.verb:set package 'team6_car' build argument 'cmake_args' from command line to 'None'
[0.337s] Level 5:colcon.colcon_core.verb:set package 'team6_car' build argument 'cmake_target' from command line to 'None'
[0.337s] Level 5:colcon.colcon_core.verb:set package 'team6_car' build argument 'cmake_target_skip_unavailable' from command line to 'False'
[0.337s] Level 5:colcon.colcon_core.verb:set package 'team6_car' build argument 'cmake_clean_cache' from command line to 'False'
[0.337s] Level 5:colcon.colcon_core.verb:set package 'team6_car' build argument 'cmake_clean_first' from command line to 'False'
[0.337s] Level 5:colcon.colcon_core.verb:set package 'team6_car' build argument 'cmake_force_configure' from command line to 'False'
[0.337s] Level 5:colcon.colcon_core.verb:set package 'team6_car' build argument 'ament_cmake_args' from command line to 'None'
[0.337s] Level 5:colcon.colcon_core.verb:set package 'team6_car' build argument 'catkin_cmake_args' from command line to 'None'
[0.337s] Level 5:colcon.colcon_core.verb:set package 'team6_car' build argument 'catkin_skip_building_tests' from command line to 'False'
[0.337s] DEBUG:colcon.colcon_core.verb:Building package 'team6_car' with the following arguments: {'ament_cmake_args': None, 'build_base': '/home/adrien/dev_ws/src/build/team6_car', 'catkin_cmake_args': None, 'catkin_skip_building_tests': False, 'cmake_args': None, 'cmake_clean_cache': False, 'cmake_clean_first': False, 'cmake_force_configure': False, 'cmake_target': None, 'cmake_target_skip_unavailable': False, 'install_base': '/home/adrien/dev_ws/src/install/team6_car', 'merge_install': False, 'path': '/home/adrien/dev_ws/src', 'symlink_install': True, 'test_result_base': None}
[0.337s] INFO:colcon.colcon_core.executor:Executing jobs using 'parallel' executor
[0.338s] DEBUG:colcon.colcon_parallel_executor.executor.parallel:run_until_complete
[0.338s] INFO:colcon.colcon_ros.task.ament_cmake.build:Building ROS package in '/home/adrien/dev_ws/src' with build type 'ament_cmake'
[0.339s] INFO:colcon.colcon_cmake.task.cmake.build:Building CMake package in '/home/adrien/dev_ws/src'
[0.341s] INFO:colcon.colcon_core.plugin_system:Skipping extension 'colcon_core.shell.bat': Not used on non-Windows systems
[0.342s] INFO:colcon.colcon_core.shell:Skip shell extension 'powershell' for command environment: Not usable outside of PowerShell
[0.342s] DEBUG:colcon.colcon_core.shell:Skip shell extension 'dsv' for command environment
[0.352s] DEBUG:colcon.colcon_core.event_handler.log_command:Invoking command in '/home/adrien/dev_ws/src/build/team6_car': CMAKE_PREFIX_PATH=${CMAKE_PREFIX_PATH}:/opt/ros/humble /usr/bin/cmake --build /home/adrien/dev_ws/src/build/team6_car -- -j8 -l8
[0.996s] DEBUG:colcon.colcon_core.event_handler.log_command:Invoked command in '/home/adrien/dev_ws/src/build/team6_car' returned '0': CMAKE_PREFIX_PATH=${CMAKE_PREFIX_PATH}:/opt/ros/humble /usr/bin/cmake --build /home/adrien/dev_ws/src/build/team6_car -- -j8 -l8
[1.031s] DEBUG:colcon.colcon_core.event_handler.log_command:Invoking command in '/home/adrien/dev_ws/src/build/team6_car': CMAKE_PREFIX_PATH=${CMAKE_PREFIX_PATH}:/opt/ros/humble /usr/bin/cmake --install /home/adrien/dev_ws/src/build/team6_car
[1.055s] Level 1:colcon.colcon_core.environment:create_environment_scripts_only(team6_car)
[1.056s] DEBUG:colcon.colcon_core.event_handler.log_command:Invoked command in '/home/adrien/dev_ws/src/build/team6_car' returned '0': CMAKE_PREFIX_PATH=${CMAKE_PREFIX_PATH}:/opt/ros/humble /usr/bin/cmake --install /home/adrien/dev_ws/src/build/team6_car
[1.058s] Level 1:colcon.colcon_core.environment:checking '/home/adrien/dev_ws/src/install/team6_car' for CMake module files
[1.059s] Level 1:colcon.colcon_core.environment:checking '/home/adrien/dev_ws/src/install/team6_car' for CMake config files
[1.059s] Level 1:colcon.colcon_core.shell:create_environment_hook('team6_car', 'cmake_prefix_path')
[1.060s] INFO:colcon.colcon_core.shell:Creating environment hook '/home/adrien/dev_ws/src/install/team6_car/share/team6_car/hook/cmake_prefix_path.ps1'
[1.060s] INFO:colcon.colcon_core.shell:Creating environment descriptor '/home/adrien/dev_ws/src/install/team6_car/share/team6_car/hook/cmake_prefix_path.dsv'
[1.061s] INFO:colcon.colcon_core.shell:Creating environment hook '/home/adrien/dev_ws/src/install/team6_car/share/team6_car/hook/cmake_prefix_path.sh'
[1.062s] Level 1:colcon.colcon_core.environment:checking '/home/adrien/dev_ws/src/install/team6_car/lib'
[1.062s] Level 1:colcon.colcon_core.environment:checking '/home/adrien/dev_ws/src/install/team6_car/bin'
[1.062s] Level 1:colcon.colcon_core.environment:checking '/home/adrien/dev_ws/src/install/team6_car/lib/pkgconfig/team6_car.pc'
[1.062s] Level 1:colcon.colcon_core.environment:checking '/home/adrien/dev_ws/src/install/team6_car/lib/python3.10/site-packages'
[1.062s] Level 1:colcon.colcon_core.shell:create_environment_hook('team6_car', 'pythonpath')
[1.063s] INFO:colcon.colcon_core.shell:Creating environment hook '/home/adrien/dev_ws/src/install/team6_car/share/team6_car/hook/pythonpath.ps1'
[1.063s] INFO:colcon.colcon_core.shell:Creating environment descriptor '/home/adrien/dev_ws/src/install/team6_car/share/team6_car/hook/pythonpath.dsv'
[1.063s] INFO:colcon.colcon_core.shell:Creating environment hook '/home/adrien/dev_ws/src/install/team6_car/share/team6_car/hook/pythonpath.sh'
[1.064s] Level 1:colcon.colcon_core.environment:checking '/home/adrien/dev_ws/src/install/team6_car/bin'
[1.064s] INFO:colcon.colcon_core.shell:Creating package script '/home/adrien/dev_ws/src/install/team6_car/share/team6_car/package.ps1'
[1.065s] INFO:colcon.colcon_core.shell:Creating package descriptor '/home/adrien/dev_ws/src/install/team6_car/share/team6_car/package.dsv'
[1.066s] INFO:colcon.colcon_core.shell:Creating package script '/home/adrien/dev_ws/src/install/team6_car/share/team6_car/package.sh'
[1.067s] INFO:colcon.colcon_core.shell:Creating package script '/home/adrien/dev_ws/src/install/team6_car/share/team6_car/package.bash'
[1.068s] INFO:colcon.colcon_core.shell:Creating package script '/home/adrien/dev_ws/src/install/team6_car/share/team6_car/package.zsh'
[1.069s] Level 1:colcon.colcon_core.environment:create_file_with_runtime_dependencies(/home/adrien/dev_ws/src/install/team6_car/share/colcon-core/packages/team6_car)
[1.098s] Level 1:colcon.colcon_core.environment:create_environment_scripts_only(team6_car)
[1.098s] Level 1:colcon.colcon_core.environment:checking '/home/adrien/dev_ws/src/install/team6_car' for CMake module files
[1.099s] Level 1:colcon.colcon_core.environment:checking '/home/adrien/dev_ws/src/install/team6_car' for CMake config files
[1.100s] Level 1:colcon.colcon_core.shell:create_environment_hook('team6_car', 'cmake_prefix_path')
[1.100s] INFO:colcon.colcon_core.shell:Creating environment hook '/home/adrien/dev_ws/src/install/team6_car/share/team6_car/hook/cmake_prefix_path.ps1'
[1.101s] INFO:colcon.colcon_core.shell:Creating environment descriptor '/home/adrien/dev_ws/src/install/team6_car/share/team6_car/hook/cmake_prefix_path.dsv'
[1.101s] INFO:colcon.colcon_core.shell:Creating environment hook '/home/adrien/dev_ws/src/install/team6_car/share/team6_car/hook/cmake_prefix_path.sh'
[1.102s] Level 1:colcon.colcon_core.environment:checking '/home/adrien/dev_ws/src/install/team6_car/lib'
[1.102s] Level 1:colcon.colcon_core.environment:checking '/home/adrien/dev_ws/src/install/team6_car/bin'
[1.102s] Level 1:colcon.colcon_core.environment:checking '/home/adrien/dev_ws/src/install/team6_car/lib/pkgconfig/team6_car.pc'
[1.102s] Level 1:colcon.colcon_core.environment:checking '/home/adrien/dev_ws/src/install/team6_car/lib/python3.10/site-packages'
[1.103s] Level 1:colcon.colcon_core.shell:create_environment_hook('team6_car', 'pythonpath')
[1.103s] INFO:colcon.colcon_core.shell:Creating environment hook '/home/adrien/dev_ws/src/install/team6_car/share/team6_car/hook/pythonpath.ps1'
[1.103s] INFO:colcon.colcon_core.shell:Creating environment descriptor '/home/adrien/dev_ws/src/install/team6_car/share/team6_car/hook/pythonpath.dsv'
[1.104s] INFO:colcon.colcon_core.shell:Creating environment hook '/home/adrien/dev_ws/src/install/team6_car/share/team6_car/hook/pythonpath.sh'
[1.104s] Level 1:colcon.colcon_core.environment:checking '/home/adrien/dev_ws/src/install/team6_car/bin'
[1.105s] INFO:colcon.colcon_core.shell:Creating package script '/home/adrien/dev_ws/src/install/team6_car/share/team6_car/package.ps1'
[1.105s] INFO:colcon.colcon_core.shell:Creating package descriptor '/home/adrien/dev_ws/src/install/team6_car/share/team6_car/package.dsv'
[1.106s] INFO:colcon.colcon_core.shell:Creating package script '/home/adrien/dev_ws/src/install/team6_car/share/team6_car/package.sh'
[1.106s] INFO:colcon.colcon_core.shell:Creating package script '/home/adrien/dev_ws/src/install/team6_car/share/team6_car/package.bash'
[1.107s] INFO:colcon.colcon_core.shell:Creating package script '/home/adrien/dev_ws/src/install/team6_car/share/team6_car/package.zsh'
[1.107s] Level 1:colcon.colcon_core.environment:create_file_with_runtime_dependencies(/home/adrien/dev_ws/src/install/team6_car/share/colcon-core/packages/team6_car)
[1.107s] DEBUG:colcon.colcon_parallel_executor.executor.parallel:closing loop
[1.108s] DEBUG:colcon.colcon_parallel_executor.executor.parallel:loop closed
[1.108s] DEBUG:colcon.colcon_parallel_executor.executor.parallel:run_until_complete finished with '0'
[1.108s] DEBUG:colcon.colcon_core.event_reactor:joining thread
[1.113s] INFO:colcon.colcon_core.plugin_system:Skipping extension 'colcon_notification.desktop_notification.terminal_notifier': Not used on non-Darwin systems
[1.113s] INFO:colcon.colcon_core.plugin_system:Skipping extension 'colcon_notification.desktop_notification.win32': Not used on non-Windows systems
[1.113s] INFO:colcon.colcon_notification.desktop_notification:Sending desktop notification using 'notify2'
[1.128s] DEBUG:colcon.colcon_core.event_reactor:joined thread
[1.129s] INFO:colcon.colcon_core.shell:Creating prefix script '/home/adrien/dev_ws/src/install/local_setup.ps1'
[1.130s] INFO:colcon.colcon_core.shell:Creating prefix util module '/home/adrien/dev_ws/src/install/_local_setup_util_ps1.py'
[1.133s] INFO:colcon.colcon_core.shell:Creating prefix chain script '/home/adrien/dev_ws/src/install/setup.ps1'
[1.134s] INFO:colcon.colcon_core.shell:Creating prefix script '/home/adrien/dev_ws/src/install/local_setup.sh'
[1.135s] INFO:colcon.colcon_core.shell:Creating prefix util module '/home/adrien/dev_ws/src/install/_local_setup_util_sh.py'
[1.135s] INFO:colcon.colcon_core.shell:Creating prefix chain script '/home/adrien/dev_ws/src/install/setup.sh'
[1.137s] INFO:colcon.colcon_core.shell:Creating prefix script '/home/adrien/dev_ws/src/install/local_setup.bash'
[1.137s] INFO:colcon.colcon_core.shell:Creating prefix chain script '/home/adrien/dev_ws/src/install/setup.bash'
[1.138s] INFO:colcon.colcon_core.shell:Creating prefix script '/home/adrien/dev_ws/src/install/local_setup.zsh'
[1.139s] INFO:colcon.colcon_core.shell:Creating prefix chain script '/home/adrien/dev_ws/src/install/setup.zsh'
