[0.597s] DEBUG:colcon:Command line arguments: ['/usr/bin/colcon', 'build', '--symlink-install']
[0.597s] DEBUG:colcon:Parsed command line arguments: Namespace(log_base=None, log_level=None, verb_name='build', build_base='build', install_base='install', merge_install=False, symlink_install=True, test_result_base=None, continue_on_error=False, executor='parallel', parallel_workers=4, event_handlers=None, ignore_user_meta=False, metas=['./colcon.meta'], base_paths=['.'], packages_ignore=None, packages_ignore_regex=None, paths=None, packages_up_to=None, packages_up_to_regex=None, packages_above=None, packages_above_and_dependencies=None, packages_above_depth=None, packages_select_by_dep=None, packages_skip_by_dep=None, packages_skip_up_to=None, packages_select_build_failed=False, packages_skip_build_finished=False, packages_select_test_failures=False, packages_skip_test_passed=False, packages_select=None, packages_skip=None, packages_select_regex=None, packages_skip_regex=None, packages_start=None, packages_end=None, allow_overriding=[], cmake_args=None, cmake_target=None, cmake_target_skip_unavailable=False, cmake_clean_cache=False, cmake_clean_first=False, cmake_force_configure=False, ament_cmake_args=None, catkin_cmake_args=None, catkin_skip_building_tests=False, verb_parser=<colcon_defaults.argument_parser.defaults.DefaultArgumentsDecorator object at 0xffff865dada0>, verb_extension=<colcon_core.verb.build.BuildVerb object at 0xffff866eb9a0>, main=<bound method BuildVerb.main of <colcon_core.verb.build.BuildVerb object at 0xffff866eb9a0>>)
[1.662s] Level 1:colcon.colcon_core.package_discovery:discover_packages(colcon_meta) check parameters
[1.663s] Level 1:colcon.colcon_core.package_discovery:discover_packages(recursive) check parameters
[1.663s] Level 1:colcon.colcon_core.package_discovery:discover_packages(ignore) check parameters
[1.663s] Level 1:colcon.colcon_core.package_discovery:discover_packages(path) check parameters
[1.663s] Level 1:colcon.colcon_core.package_discovery:discover_packages(colcon_meta) discover
[1.663s] Level 1:colcon.colcon_core.package_discovery:discover_packages(recursive) discover
[1.664s] INFO:colcon.colcon_core.package_discovery:Crawling recursively for packages in '/home/team6/robot_ws/src/team6_car'
[1.665s] Level 1:colcon.colcon_core.package_identification:_identify(.) by extensions ['ignore', 'ignore_ament_install']
[1.665s] Level 1:colcon.colcon_core.package_identification:_identify(.) by extension 'ignore'
[1.665s] Level 1:colcon.colcon_core.package_identification:_identify(.) by extension 'ignore_ament_install'
[1.666s] Level 1:colcon.colcon_core.package_identification:_identify(.) by extensions ['colcon_pkg']
[1.666s] Level 1:colcon.colcon_core.package_identification:_identify(.) by extension 'colcon_pkg'
[1.666s] Level 1:colcon.colcon_core.package_identification:_identify(.) by extensions ['colcon_meta']
[1.666s] Level 1:colcon.colcon_core.package_identification:_identify(.) by extension 'colcon_meta'
[1.666s] Level 1:colcon.colcon_core.package_identification:_identify(.) by extensions ['ros']
[1.666s] Level 1:colcon.colcon_core.package_identification:_identify(.) by extension 'ros'
[1.730s] DEBUG:colcon.colcon_core.package_identification:Package '.' with type 'ros.ament_cmake' and name 'team6_car'
[1.730s] Level 1:colcon.colcon_core.package_discovery:discover_packages(recursive) using defaults
[1.731s] Level 1:colcon.colcon_core.package_discovery:discover_packages(ignore) discover
[1.731s] Level 1:colcon.colcon_core.package_discovery:discover_packages(ignore) using defaults
[1.731s] Level 1:colcon.colcon_core.package_discovery:discover_packages(path) discover
[1.731s] Level 1:colcon.colcon_core.package_discovery:discover_packages(path) using defaults
[1.837s] Level 1:colcon.colcon_core.package_discovery:discover_packages(prefix_path) check parameters
[1.837s] Level 1:colcon.colcon_core.package_discovery:discover_packages(prefix_path) discover
[1.858s] DEBUG:colcon.colcon_installed_package_information.package_discovery:Found 1 installed packages in /home/team6/robot_ws/src/install
[1.861s] DEBUG:colcon.colcon_installed_package_information.package_discovery:Found 3 installed packages in /home/team6/ros2_ws/install
[1.863s] DEBUG:colcon.colcon_installed_package_information.package_discovery:Found 1 installed packages in /home/team6/ldlidar_ros_ws/install
[1.872s] DEBUG:colcon.colcon_installed_package_information.package_discovery:Found 39 installed packages in /home/team6/robot_ws/micorros_ws/install
[1.926s] DEBUG:colcon.colcon_installed_package_information.package_discovery:Found 331 installed packages in /opt/ros/humble
[1.940s] Level 1:colcon.colcon_core.package_discovery:discover_packages(prefix_path) using defaults
[2.176s] Level 5:colcon.colcon_core.verb:set package 'team6_car' build argument 'cmake_args' from command line to 'None'
[2.177s] Level 5:colcon.colcon_core.verb:set package 'team6_car' build argument 'cmake_target' from command line to 'None'
[2.177s] Level 5:colcon.colcon_core.verb:set package 'team6_car' build argument 'cmake_target_skip_unavailable' from command line to 'False'
[2.177s] Level 5:colcon.colcon_core.verb:set package 'team6_car' build argument 'cmake_clean_cache' from command line to 'False'
[2.177s] Level 5:colcon.colcon_core.verb:set package 'team6_car' build argument 'cmake_clean_first' from command line to 'False'
[2.177s] Level 5:colcon.colcon_core.verb:set package 'team6_car' build argument 'cmake_force_configure' from command line to 'False'
[2.177s] Level 5:colcon.colcon_core.verb:set package 'team6_car' build argument 'ament_cmake_args' from command line to 'None'
[2.177s] Level 5:colcon.colcon_core.verb:set package 'team6_car' build argument 'catkin_cmake_args' from command line to 'None'
[2.177s] Level 5:colcon.colcon_core.verb:set package 'team6_car' build argument 'catkin_skip_building_tests' from command line to 'False'
[2.178s] DEBUG:colcon.colcon_core.verb:Building package 'team6_car' with the following arguments: {'ament_cmake_args': None, 'build_base': '/home/team6/robot_ws/src/team6_car/build/team6_car', 'catkin_cmake_args': None, 'catkin_skip_building_tests': False, 'cmake_args': None, 'cmake_clean_cache': False, 'cmake_clean_first': False, 'cmake_force_configure': False, 'cmake_target': None, 'cmake_target_skip_unavailable': False, 'install_base': '/home/team6/robot_ws/src/team6_car/install/team6_car', 'merge_install': False, 'path': '/home/team6/robot_ws/src/team6_car', 'symlink_install': True, 'test_result_base': None}
[2.178s] INFO:colcon.colcon_core.executor:Executing jobs using 'parallel' executor
[2.182s] DEBUG:colcon.colcon_parallel_executor.executor.parallel:run_until_complete
[2.183s] INFO:colcon.colcon_ros.task.ament_cmake.build:Building ROS package in '/home/team6/robot_ws/src/team6_car' with build type 'ament_cmake'
[2.183s] INFO:colcon.colcon_cmake.task.cmake.build:Building CMake package in '/home/team6/robot_ws/src/team6_car'
[2.197s] INFO:colcon.colcon_core.plugin_system:Skipping extension 'colcon_core.shell.bat': Not used on non-Windows systems
[2.198s] INFO:colcon.colcon_core.shell:Skip shell extension 'powershell' for command environment: Not usable outside of PowerShell
[2.198s] DEBUG:colcon.colcon_core.shell:Skip shell extension 'dsv' for command environment
[2.291s] DEBUG:colcon.colcon_core.event_handler.log_command:Invoking command in '/home/team6/robot_ws/src/team6_car/build/team6_car': CMAKE_PREFIX_PATH=${CMAKE_PREFIX_PATH}:/home/team6/robot_ws/micorros_ws/install/sensor_msgs_py:/opt/ros/humble /usr/bin/cmake /home/team6/robot_ws/src/team6_car -DAMENT_CMAKE_SYMLINK_INSTALL=1 -DCMAKE_INSTALL_PREFIX=/home/team6/robot_ws/src/team6_car/install/team6_car
[29.934s] DEBUG:colcon.colcon_core.event_handler.log_command:Invoked command in '/home/team6/robot_ws/src/team6_car/build/team6_car' returned '0': CMAKE_PREFIX_PATH=${CMAKE_PREFIX_PATH}:/home/team6/robot_ws/micorros_ws/install/sensor_msgs_py:/opt/ros/humble /usr/bin/cmake /home/team6/robot_ws/src/team6_car -DAMENT_CMAKE_SYMLINK_INSTALL=1 -DCMAKE_INSTALL_PREFIX=/home/team6/robot_ws/src/team6_car/install/team6_car
[29.950s] DEBUG:colcon.colcon_core.event_handler.log_command:Invoking command in '/home/team6/robot_ws/src/team6_car/build/team6_car': CMAKE_PREFIX_PATH=${CMAKE_PREFIX_PATH}:/home/team6/robot_ws/micorros_ws/install/sensor_msgs_py:/opt/ros/humble /usr/bin/cmake --build /home/team6/robot_ws/src/team6_car/build/team6_car -- -j4 -l4
[30.424s] DEBUG:colcon.colcon_core.event_handler.log_command:Invoked command in '/home/team6/robot_ws/src/team6_car/build/team6_car' returned '0': CMAKE_PREFIX_PATH=${CMAKE_PREFIX_PATH}:/home/team6/robot_ws/micorros_ws/install/sensor_msgs_py:/opt/ros/humble /usr/bin/cmake --build /home/team6/robot_ws/src/team6_car/build/team6_car -- -j4 -l4
[30.798s] DEBUG:colcon.colcon_core.event_handler.log_command:Invoking command in '/home/team6/robot_ws/src/team6_car/build/team6_car': CMAKE_PREFIX_PATH=${CMAKE_PREFIX_PATH}:/home/team6/robot_ws/micorros_ws/install/sensor_msgs_py:/opt/ros/humble /usr/bin/cmake --install /home/team6/robot_ws/src/team6_car/build/team6_car
[33.393s] Level 1:colcon.colcon_core.environment:create_environment_scripts_only(team6_car)
[33.395s] DEBUG:colcon.colcon_core.event_handler.log_command:Invoked command in '/home/team6/robot_ws/src/team6_car/build/team6_car' returned '0': CMAKE_PREFIX_PATH=${CMAKE_PREFIX_PATH}:/home/team6/robot_ws/micorros_ws/install/sensor_msgs_py:/opt/ros/humble /usr/bin/cmake --install /home/team6/robot_ws/src/team6_car/build/team6_car
[33.414s] Level 1:colcon.colcon_core.environment:checking '/home/team6/robot_ws/src/team6_car/install/team6_car' for CMake module files
[33.417s] Level 1:colcon.colcon_core.environment:checking '/home/team6/robot_ws/src/team6_car/install/team6_car' for CMake config files
[33.420s] Level 1:colcon.colcon_core.shell:create_environment_hook('team6_car', 'cmake_prefix_path')
[33.421s] INFO:colcon.colcon_core.shell:Creating environment hook '/home/team6/robot_ws/src/team6_car/install/team6_car/share/team6_car/hook/cmake_prefix_path.ps1'
[33.424s] INFO:colcon.colcon_core.shell:Creating environment descriptor '/home/team6/robot_ws/src/team6_car/install/team6_car/share/team6_car/hook/cmake_prefix_path.dsv'
[33.426s] INFO:colcon.colcon_core.shell:Creating environment hook '/home/team6/robot_ws/src/team6_car/install/team6_car/share/team6_car/hook/cmake_prefix_path.sh'
[33.432s] Level 1:colcon.colcon_core.environment:checking '/home/team6/robot_ws/src/team6_car/install/team6_car/bin'
[33.433s] Level 1:colcon.colcon_core.environment:checking '/home/team6/robot_ws/src/team6_car/install/team6_car/lib/pkgconfig/team6_car.pc'
[33.434s] Level 1:colcon.colcon_core.environment:checking '/home/team6/robot_ws/src/team6_car/install/team6_car/lib/python3.10/site-packages'
[33.436s] Level 1:colcon.colcon_core.environment:checking '/home/team6/robot_ws/src/team6_car/install/team6_car/bin'
[33.439s] INFO:colcon.colcon_core.shell:Creating package script '/home/team6/robot_ws/src/team6_car/install/team6_car/share/team6_car/package.ps1'
[33.446s] INFO:colcon.colcon_core.shell:Creating package descriptor '/home/team6/robot_ws/src/team6_car/install/team6_car/share/team6_car/package.dsv'
[33.451s] INFO:colcon.colcon_core.shell:Creating package script '/home/team6/robot_ws/src/team6_car/install/team6_car/share/team6_car/package.sh'
[33.456s] INFO:colcon.colcon_core.shell:Creating package script '/home/team6/robot_ws/src/team6_car/install/team6_car/share/team6_car/package.bash'
[33.461s] INFO:colcon.colcon_core.shell:Creating package script '/home/team6/robot_ws/src/team6_car/install/team6_car/share/team6_car/package.zsh'
[33.465s] Level 1:colcon.colcon_core.environment:create_file_with_runtime_dependencies(/home/team6/robot_ws/src/team6_car/install/team6_car/share/colcon-core/packages/team6_car)
[33.801s] Level 1:colcon.colcon_core.environment:create_environment_scripts_only(team6_car)
[33.803s] Level 1:colcon.colcon_core.environment:checking '/home/team6/robot_ws/src/team6_car/install/team6_car' for CMake module files
[33.809s] Level 1:colcon.colcon_core.environment:checking '/home/team6/robot_ws/src/team6_car/install/team6_car' for CMake config files
[33.811s] Level 1:colcon.colcon_core.shell:create_environment_hook('team6_car', 'cmake_prefix_path')
[33.812s] INFO:colcon.colcon_core.shell:Creating environment hook '/home/team6/robot_ws/src/team6_car/install/team6_car/share/team6_car/hook/cmake_prefix_path.ps1'
[33.815s] INFO:colcon.colcon_core.shell:Creating environment descriptor '/home/team6/robot_ws/src/team6_car/install/team6_car/share/team6_car/hook/cmake_prefix_path.dsv'
[33.817s] INFO:colcon.colcon_core.shell:Creating environment hook '/home/team6/robot_ws/src/team6_car/install/team6_car/share/team6_car/hook/cmake_prefix_path.sh'
[33.821s] Level 1:colcon.colcon_core.environment:checking '/home/team6/robot_ws/src/team6_car/install/team6_car/bin'
[33.822s] Level 1:colcon.colcon_core.environment:checking '/home/team6/robot_ws/src/team6_car/install/team6_car/lib/pkgconfig/team6_car.pc'
[33.823s] Level 1:colcon.colcon_core.environment:checking '/home/team6/robot_ws/src/team6_car/install/team6_car/lib/python3.10/site-packages'
[33.824s] Level 1:colcon.colcon_core.environment:checking '/home/team6/robot_ws/src/team6_car/install/team6_car/bin'
[33.826s] INFO:colcon.colcon_core.shell:Creating package script '/home/team6/robot_ws/src/team6_car/install/team6_car/share/team6_car/package.ps1'
[33.829s] INFO:colcon.colcon_core.shell:Creating package descriptor '/home/team6/robot_ws/src/team6_car/install/team6_car/share/team6_car/package.dsv'
[33.832s] INFO:colcon.colcon_core.shell:Creating package script '/home/team6/robot_ws/src/team6_car/install/team6_car/share/team6_car/package.sh'
[33.835s] INFO:colcon.colcon_core.shell:Creating package script '/home/team6/robot_ws/src/team6_car/install/team6_car/share/team6_car/package.bash'
[33.838s] INFO:colcon.colcon_core.shell:Creating package script '/home/team6/robot_ws/src/team6_car/install/team6_car/share/team6_car/package.zsh'
[33.840s] Level 1:colcon.colcon_core.environment:create_file_with_runtime_dependencies(/home/team6/robot_ws/src/team6_car/install/team6_car/share/colcon-core/packages/team6_car)
[33.842s] DEBUG:colcon.colcon_parallel_executor.executor.parallel:closing loop
[33.843s] DEBUG:colcon.colcon_parallel_executor.executor.parallel:loop closed
[33.844s] DEBUG:colcon.colcon_parallel_executor.executor.parallel:run_until_complete finished with '0'
[33.845s] DEBUG:colcon.colcon_core.event_reactor:joining thread
[33.934s] INFO:colcon.colcon_core.plugin_system:Skipping extension 'colcon_notification.desktop_notification.terminal_notifier': Not used on non-Darwin systems
[33.935s] INFO:colcon.colcon_core.plugin_system:Skipping extension 'colcon_notification.desktop_notification.win32': Not used on non-Windows systems
[33.936s] INFO:colcon.colcon_notification.desktop_notification:Sending desktop notification using 'notify2'
[34.007s] DEBUG:colcon.colcon_core.event_reactor:joined thread
[34.008s] INFO:colcon.colcon_core.shell:Creating prefix script '/home/team6/robot_ws/src/team6_car/install/local_setup.ps1'
[34.019s] INFO:colcon.colcon_core.shell:Creating prefix util module '/home/team6/robot_ws/src/team6_car/install/_local_setup_util_ps1.py'
[34.037s] INFO:colcon.colcon_core.shell:Creating prefix chain script '/home/team6/robot_ws/src/team6_car/install/setup.ps1'
[34.112s] INFO:colcon.colcon_core.shell:Creating prefix script '/home/team6/robot_ws/src/team6_car/install/local_setup.sh'
[34.118s] INFO:colcon.colcon_core.shell:Creating prefix util module '/home/team6/robot_ws/src/team6_car/install/_local_setup_util_sh.py'
[34.123s] INFO:colcon.colcon_core.shell:Creating prefix chain script '/home/team6/robot_ws/src/team6_car/install/setup.sh'
[34.163s] INFO:colcon.colcon_core.shell:Creating prefix script '/home/team6/robot_ws/src/team6_car/install/local_setup.bash'
[34.167s] INFO:colcon.colcon_core.shell:Creating prefix chain script '/home/team6/robot_ws/src/team6_car/install/setup.bash'
[34.206s] INFO:colcon.colcon_core.shell:Creating prefix script '/home/team6/robot_ws/src/team6_car/install/local_setup.zsh'
[34.211s] INFO:colcon.colcon_core.shell:Creating prefix chain script '/home/team6/robot_ws/src/team6_car/install/setup.zsh'
