[0.579s] DEBUG:colcon:Command line arguments: ['/usr/bin/colcon', 'build', '--symlink-install']
[0.580s] DEBUG:colcon:Parsed command line arguments: Namespace(log_base=None, log_level=None, verb_name='build', build_base='build', install_base='install', merge_install=False, symlink_install=True, test_result_base=None, continue_on_error=False, executor='parallel', parallel_workers=4, event_handlers=None, ignore_user_meta=False, metas=['./colcon.meta'], base_paths=['.'], packages_ignore=None, packages_ignore_regex=None, paths=None, packages_up_to=None, packages_up_to_regex=None, packages_above=None, packages_above_and_dependencies=None, packages_above_depth=None, packages_select_by_dep=None, packages_skip_by_dep=None, packages_skip_up_to=None, packages_select_build_failed=False, packages_skip_build_finished=False, packages_select_test_failures=False, packages_skip_test_passed=False, packages_select=None, packages_skip=None, packages_select_regex=None, packages_skip_regex=None, packages_start=None, packages_end=None, allow_overriding=[], cmake_args=None, cmake_target=None, cmake_target_skip_unavailable=False, cmake_clean_cache=False, cmake_clean_first=False, cmake_force_configure=False, ament_cmake_args=None, catkin_cmake_args=None, catkin_skip_building_tests=False, verb_parser=<colcon_defaults.argument_parser.defaults.DefaultArgumentsDecorator object at 0xffffab1beb00>, verb_extension=<colcon_core.verb.build.BuildVerb object at 0xffffab2cb700>, main=<bound method BuildVerb.main of <colcon_core.verb.build.BuildVerb object at 0xffffab2cb700>>)
[1.528s] Level 1:colcon.colcon_core.package_discovery:discover_packages(colcon_meta) check parameters
[1.529s] Level 1:colcon.colcon_core.package_discovery:discover_packages(recursive) check parameters
[1.529s] Level 1:colcon.colcon_core.package_discovery:discover_packages(ignore) check parameters
[1.529s] Level 1:colcon.colcon_core.package_discovery:discover_packages(path) check parameters
[1.529s] Level 1:colcon.colcon_core.package_discovery:discover_packages(colcon_meta) discover
[1.529s] Level 1:colcon.colcon_core.package_discovery:discover_packages(recursive) discover
[1.529s] INFO:colcon.colcon_core.package_discovery:Crawling recursively for packages in '/home/team6/robot_ws/src/team6_car'
[1.530s] Level 1:colcon.colcon_core.package_identification:_identify(.) by extensions ['ignore', 'ignore_ament_install']
[1.530s] Level 1:colcon.colcon_core.package_identification:_identify(.) by extension 'ignore'
[1.531s] Level 1:colcon.colcon_core.package_identification:_identify(.) by extension 'ignore_ament_install'
[1.531s] Level 1:colcon.colcon_core.package_identification:_identify(.) by extensions ['colcon_pkg']
[1.531s] Level 1:colcon.colcon_core.package_identification:_identify(.) by extension 'colcon_pkg'
[1.531s] Level 1:colcon.colcon_core.package_identification:_identify(.) by extensions ['colcon_meta']
[1.531s] Level 1:colcon.colcon_core.package_identification:_identify(.) by extension 'colcon_meta'
[1.531s] Level 1:colcon.colcon_core.package_identification:_identify(.) by extensions ['ros']
[1.531s] Level 1:colcon.colcon_core.package_identification:_identify(.) by extension 'ros'
[1.590s] DEBUG:colcon.colcon_core.package_identification:Package '.' with type 'ros.ament_cmake' and name 'team6_car'
[1.590s] Level 1:colcon.colcon_core.package_discovery:discover_packages(recursive) using defaults
[1.590s] Level 1:colcon.colcon_core.package_discovery:discover_packages(ignore) discover
[1.590s] Level 1:colcon.colcon_core.package_discovery:discover_packages(ignore) using defaults
[1.590s] Level 1:colcon.colcon_core.package_discovery:discover_packages(path) discover
[1.590s] Level 1:colcon.colcon_core.package_discovery:discover_packages(path) using defaults
[1.688s] Level 1:colcon.colcon_core.package_discovery:discover_packages(prefix_path) check parameters
[1.688s] Level 1:colcon.colcon_core.package_discovery:discover_packages(prefix_path) discover
[1.709s] DEBUG:colcon.colcon_installed_package_information.package_discovery:Found 1 installed packages in /home/team6/robot_ws/src/team6_car/install
[1.711s] DEBUG:colcon.colcon_installed_package_information.package_discovery:Found 3 installed packages in /home/team6/ros2_ws/install
[1.714s] DEBUG:colcon.colcon_installed_package_information.package_discovery:Found 1 installed packages in /home/team6/ldlidar_ros_ws/install
[1.722s] DEBUG:colcon.colcon_installed_package_information.package_discovery:Found 39 installed packages in /home/team6/robot_ws/micorros_ws/install
[1.771s] DEBUG:colcon.colcon_installed_package_information.package_discovery:Found 366 installed packages in /opt/ros/humble
[1.785s] Level 1:colcon.colcon_core.package_discovery:discover_packages(prefix_path) using defaults
[2.012s] Level 5:colcon.colcon_core.verb:set package 'team6_car' build argument 'cmake_args' from command line to 'None'
[2.013s] Level 5:colcon.colcon_core.verb:set package 'team6_car' build argument 'cmake_target' from command line to 'None'
[2.013s] Level 5:colcon.colcon_core.verb:set package 'team6_car' build argument 'cmake_target_skip_unavailable' from command line to 'False'
[2.013s] Level 5:colcon.colcon_core.verb:set package 'team6_car' build argument 'cmake_clean_cache' from command line to 'False'
[2.013s] Level 5:colcon.colcon_core.verb:set package 'team6_car' build argument 'cmake_clean_first' from command line to 'False'
[2.013s] Level 5:colcon.colcon_core.verb:set package 'team6_car' build argument 'cmake_force_configure' from command line to 'False'
[2.013s] Level 5:colcon.colcon_core.verb:set package 'team6_car' build argument 'ament_cmake_args' from command line to 'None'
[2.013s] Level 5:colcon.colcon_core.verb:set package 'team6_car' build argument 'catkin_cmake_args' from command line to 'None'
[2.013s] Level 5:colcon.colcon_core.verb:set package 'team6_car' build argument 'catkin_skip_building_tests' from command line to 'False'
[2.013s] DEBUG:colcon.colcon_core.verb:Building package 'team6_car' with the following arguments: {'ament_cmake_args': None, 'build_base': '/home/team6/robot_ws/src/team6_car/build/team6_car', 'catkin_cmake_args': None, 'catkin_skip_building_tests': False, 'cmake_args': None, 'cmake_clean_cache': False, 'cmake_clean_first': False, 'cmake_force_configure': False, 'cmake_target': None, 'cmake_target_skip_unavailable': False, 'install_base': '/home/team6/robot_ws/src/team6_car/install/team6_car', 'merge_install': False, 'path': '/home/team6/robot_ws/src/team6_car', 'symlink_install': True, 'test_result_base': None}
[2.014s] INFO:colcon.colcon_core.executor:Executing jobs using 'parallel' executor
[2.017s] DEBUG:colcon.colcon_parallel_executor.executor.parallel:run_until_complete
[2.018s] INFO:colcon.colcon_ros.task.ament_cmake.build:Building ROS package in '/home/team6/robot_ws/src/team6_car' with build type 'ament_cmake'
[2.019s] INFO:colcon.colcon_cmake.task.cmake.build:Building CMake package in '/home/team6/robot_ws/src/team6_car'
[2.030s] INFO:colcon.colcon_core.plugin_system:Skipping extension 'colcon_core.shell.bat': Not used on non-Windows systems
[2.031s] INFO:colcon.colcon_core.shell:Skip shell extension 'powershell' for command environment: Not usable outside of PowerShell
[2.032s] DEBUG:colcon.colcon_core.shell:Skip shell extension 'dsv' for command environment
[2.114s] DEBUG:colcon.colcon_core.event_handler.log_command:Invoking command in '/home/team6/robot_ws/src/team6_car/build/team6_car': CMAKE_PREFIX_PATH=${CMAKE_PREFIX_PATH}:/home/team6/robot_ws/micorros_ws/install/sensor_msgs_py:/opt/ros/humble /usr/bin/cmake --build /home/team6/robot_ws/src/team6_car/build/team6_car -- -j4 -l4
[2.476s] DEBUG:colcon.colcon_core.event_handler.log_command:Invoked command in '/home/team6/robot_ws/src/team6_car/build/team6_car' returned '0': CMAKE_PREFIX_PATH=${CMAKE_PREFIX_PATH}:/home/team6/robot_ws/micorros_ws/install/sensor_msgs_py:/opt/ros/humble /usr/bin/cmake --build /home/team6/robot_ws/src/team6_car/build/team6_car -- -j4 -l4
[2.815s] DEBUG:colcon.colcon_core.event_handler.log_command:Invoking command in '/home/team6/robot_ws/src/team6_car/build/team6_car': CMAKE_PREFIX_PATH=${CMAKE_PREFIX_PATH}:/home/team6/robot_ws/micorros_ws/install/sensor_msgs_py:/opt/ros/humble /usr/bin/cmake --install /home/team6/robot_ws/src/team6_car/build/team6_car
[2.994s] Level 1:colcon.colcon_core.environment:create_environment_scripts_only(team6_car)
[2.996s] DEBUG:colcon.colcon_core.event_handler.log_command:Invoked command in '/home/team6/robot_ws/src/team6_car/build/team6_car' returned '0': CMAKE_PREFIX_PATH=${CMAKE_PREFIX_PATH}:/home/team6/robot_ws/micorros_ws/install/sensor_msgs_py:/opt/ros/humble /usr/bin/cmake --install /home/team6/robot_ws/src/team6_car/build/team6_car
[3.010s] Level 1:colcon.colcon_core.environment:checking '/home/team6/robot_ws/src/team6_car/install/team6_car' for CMake module files
[3.013s] Level 1:colcon.colcon_core.environment:checking '/home/team6/robot_ws/src/team6_car/install/team6_car' for CMake config files
[3.014s] Level 1:colcon.colcon_core.shell:create_environment_hook('team6_car', 'cmake_prefix_path')
[3.015s] INFO:colcon.colcon_core.shell:Creating environment hook '/home/team6/robot_ws/src/team6_car/install/team6_car/share/team6_car/hook/cmake_prefix_path.ps1'
[3.018s] INFO:colcon.colcon_core.shell:Creating environment descriptor '/home/team6/robot_ws/src/team6_car/install/team6_car/share/team6_car/hook/cmake_prefix_path.dsv'
[3.020s] INFO:colcon.colcon_core.shell:Creating environment hook '/home/team6/robot_ws/src/team6_car/install/team6_car/share/team6_car/hook/cmake_prefix_path.sh'
[3.024s] Level 1:colcon.colcon_core.environment:checking '/home/team6/robot_ws/src/team6_car/install/team6_car/bin'
[3.025s] Level 1:colcon.colcon_core.environment:checking '/home/team6/robot_ws/src/team6_car/install/team6_car/lib/pkgconfig/team6_car.pc'
[3.026s] Level 1:colcon.colcon_core.environment:checking '/home/team6/robot_ws/src/team6_car/install/team6_car/lib/python3.10/site-packages'
[3.026s] Level 1:colcon.colcon_core.environment:checking '/home/team6/robot_ws/src/team6_car/install/team6_car/bin'
[3.027s] INFO:colcon.colcon_core.shell:Creating package script '/home/team6/robot_ws/src/team6_car/install/team6_car/share/team6_car/package.ps1'
[3.031s] INFO:colcon.colcon_core.shell:Creating package descriptor '/home/team6/robot_ws/src/team6_car/install/team6_car/share/team6_car/package.dsv'
[3.033s] INFO:colcon.colcon_core.shell:Creating package script '/home/team6/robot_ws/src/team6_car/install/team6_car/share/team6_car/package.sh'
[3.036s] INFO:colcon.colcon_core.shell:Creating package script '/home/team6/robot_ws/src/team6_car/install/team6_car/share/team6_car/package.bash'
[3.039s] INFO:colcon.colcon_core.shell:Creating package script '/home/team6/robot_ws/src/team6_car/install/team6_car/share/team6_car/package.zsh'
[3.042s] Level 1:colcon.colcon_core.environment:create_file_with_runtime_dependencies(/home/team6/robot_ws/src/team6_car/install/team6_car/share/colcon-core/packages/team6_car)
[3.295s] Level 1:colcon.colcon_core.environment:create_environment_scripts_only(team6_car)
[3.296s] Level 1:colcon.colcon_core.environment:checking '/home/team6/robot_ws/src/team6_car/install/team6_car' for CMake module files
[3.300s] Level 1:colcon.colcon_core.environment:checking '/home/team6/robot_ws/src/team6_car/install/team6_car' for CMake config files
[3.302s] Level 1:colcon.colcon_core.shell:create_environment_hook('team6_car', 'cmake_prefix_path')
[3.303s] INFO:colcon.colcon_core.shell:Creating environment hook '/home/team6/robot_ws/src/team6_car/install/team6_car/share/team6_car/hook/cmake_prefix_path.ps1'
[3.306s] INFO:colcon.colcon_core.shell:Creating environment descriptor '/home/team6/robot_ws/src/team6_car/install/team6_car/share/team6_car/hook/cmake_prefix_path.dsv'
[3.308s] INFO:colcon.colcon_core.shell:Creating environment hook '/home/team6/robot_ws/src/team6_car/install/team6_car/share/team6_car/hook/cmake_prefix_path.sh'
[3.310s] Level 1:colcon.colcon_core.environment:checking '/home/team6/robot_ws/src/team6_car/install/team6_car/bin'
[3.311s] Level 1:colcon.colcon_core.environment:checking '/home/team6/robot_ws/src/team6_car/install/team6_car/lib/pkgconfig/team6_car.pc'
[3.312s] Level 1:colcon.colcon_core.environment:checking '/home/team6/robot_ws/src/team6_car/install/team6_car/lib/python3.10/site-packages'
[3.313s] Level 1:colcon.colcon_core.environment:checking '/home/team6/robot_ws/src/team6_car/install/team6_car/bin'
[3.314s] INFO:colcon.colcon_core.shell:Creating package script '/home/team6/robot_ws/src/team6_car/install/team6_car/share/team6_car/package.ps1'
[3.316s] INFO:colcon.colcon_core.shell:Creating package descriptor '/home/team6/robot_ws/src/team6_car/install/team6_car/share/team6_car/package.dsv'
[3.319s] INFO:colcon.colcon_core.shell:Creating package script '/home/team6/robot_ws/src/team6_car/install/team6_car/share/team6_car/package.sh'
[3.321s] INFO:colcon.colcon_core.shell:Creating package script '/home/team6/robot_ws/src/team6_car/install/team6_car/share/team6_car/package.bash'
[3.323s] INFO:colcon.colcon_core.shell:Creating package script '/home/team6/robot_ws/src/team6_car/install/team6_car/share/team6_car/package.zsh'
[3.326s] Level 1:colcon.colcon_core.environment:create_file_with_runtime_dependencies(/home/team6/robot_ws/src/team6_car/install/team6_car/share/colcon-core/packages/team6_car)
[3.327s] DEBUG:colcon.colcon_parallel_executor.executor.parallel:closing loop
[3.328s] DEBUG:colcon.colcon_parallel_executor.executor.parallel:loop closed
[3.328s] DEBUG:colcon.colcon_parallel_executor.executor.parallel:run_until_complete finished with '0'
[3.329s] DEBUG:colcon.colcon_core.event_reactor:joining thread
[3.359s] INFO:colcon.colcon_core.plugin_system:Skipping extension 'colcon_notification.desktop_notification.terminal_notifier': Not used on non-Darwin systems
[3.360s] INFO:colcon.colcon_core.plugin_system:Skipping extension 'colcon_notification.desktop_notification.win32': Not used on non-Windows systems
[3.360s] INFO:colcon.colcon_notification.desktop_notification:Sending desktop notification using 'notify2'
[3.402s] DEBUG:colcon.colcon_core.event_reactor:joined thread
[3.403s] INFO:colcon.colcon_core.shell:Creating prefix script '/home/team6/robot_ws/src/team6_car/install/local_setup.ps1'
[3.406s] INFO:colcon.colcon_core.shell:Creating prefix util module '/home/team6/robot_ws/src/team6_car/install/_local_setup_util_ps1.py'
[3.412s] INFO:colcon.colcon_core.shell:Creating prefix chain script '/home/team6/robot_ws/src/team6_car/install/setup.ps1'
[3.429s] INFO:colcon.colcon_core.shell:Creating prefix script '/home/team6/robot_ws/src/team6_car/install/local_setup.sh'
[3.432s] INFO:colcon.colcon_core.shell:Creating prefix util module '/home/team6/robot_ws/src/team6_car/install/_local_setup_util_sh.py'
[3.434s] INFO:colcon.colcon_core.shell:Creating prefix chain script '/home/team6/robot_ws/src/team6_car/install/setup.sh'
[3.452s] INFO:colcon.colcon_core.shell:Creating prefix script '/home/team6/robot_ws/src/team6_car/install/local_setup.bash'
[3.454s] INFO:colcon.colcon_core.shell:Creating prefix chain script '/home/team6/robot_ws/src/team6_car/install/setup.bash'
[3.471s] INFO:colcon.colcon_core.shell:Creating prefix script '/home/team6/robot_ws/src/team6_car/install/local_setup.zsh'
[3.473s] INFO:colcon.colcon_core.shell:Creating prefix chain script '/home/team6/robot_ws/src/team6_car/install/setup.zsh'
