[0.084s] Invoking command in '/home/team6/robot_ws/src/team6_car/build/team6_car': CMAKE_PREFIX_PATH=${CMAKE_PREFIX_PATH}:/home/team6/robot_ws/micorros_ws/install/sensor_msgs_py:/opt/ros/humble /usr/bin/cmake /home/team6/robot_ws/src/team6_car -DAMENT_CMAKE_SYMLINK_INSTALL=1 -DCMAKE_INSTALL_PREFIX=/home/team6/robot_ws/src/team6_car/install/team6_car
[0.509s] -- The C compiler identification is GNU 11.4.0
[0.827s] -- The CXX compiler identification is GNU 11.4.0
[0.866s] -- Detecting C compiler ABI info
[1.395s] -- Detecting C compiler ABI info - done
[1.421s] -- Check for working C compiler: /usr/bin/cc - skipped
[1.421s] -- Detecting C compile features
[1.423s] -- Detecting C compile features - done
[1.434s] -- Detecting CXX compiler ABI info
[1.994s] -- Detecting CXX compiler ABI info - done
[2.022s] -- Check for working CXX compiler: /usr/bin/c++ - skipped
[2.023s] -- Detecting CXX compile features
[2.024s] -- Detecting CXX compile features - done
[2.108s] -- Found ament_cmake: 1.3.8 (/opt/ros/humble/share/ament_cmake/cmake)
[3.329s] -- Found Python3: /usr/bin/python3 (found version "3.10.12") found components: Interpreter 
[3.726s] -- Override CMake install command with custom implementation using symlinks instead of copying resources
[4.858s] -- Found rclcpp: 16.0.8 (/opt/ros/humble/share/rclcpp/cmake)
[5.924s] -- Found rosidl_generator_c: 3.1.5 (/opt/ros/humble/share/rosidl_generator_c/cmake)
[6.096s] -- Found rosidl_adapter: 3.1.5 (/opt/ros/humble/share/rosidl_adapter/cmake)
[6.283s] -- Found rosidl_generator_cpp: 3.1.5 (/opt/ros/humble/share/rosidl_generator_cpp/cmake)
[6.502s] -- Using all available rosidl_typesupport_c: rosidl_typesupport_microxrcedds_c;rosidl_typesupport_fastrtps_c;rosidl_typesupport_introspection_c
[6.913s] -- Using all available rosidl_typesupport_cpp: rosidl_typesupport_microxrcedds_cpp;rosidl_typesupport_fastrtps_cpp;rosidl_typesupport_introspection_cpp
[7.935s] -- Found rmw_implementation_cmake: 6.1.1 (/opt/ros/humble/share/rmw_implementation_cmake/cmake)
[8.023s] -- Found rmw_fastrtps_cpp: 6.2.6 (/opt/ros/humble/share/rmw_fastrtps_cpp/cmake)
[9.291s] -- Found OpenSSL: /usr/lib/aarch64-linux-gnu/libcrypto.so (found version "3.0.2")  
[9.665s] -- Found FastRTPS: /opt/ros/humble/include  
[10.301s] -- Using RMW implementation 'rmw_fastrtps_cpp' as default
[10.557s] -- Looking for pthread.h
[11.108s] -- Looking for pthread.h - found
[11.110s] -- Performing Test CMAKE_HAVE_LIBC_PTHREAD
[11.658s] -- Performing Test CMAKE_HAVE_LIBC_PTHREAD - Success
[11.662s] -- Found Threads: TRUE  
[12.548s] -- Found geometry_msgs: 4.2.3 (/home/team6/robot_ws/micorros_ws/install/geometry_msgs/share/geometry_msgs/cmake)
[12.818s] -- Found ament_lint_auto: 0.12.10 (/opt/ros/humble/share/ament_lint_auto/cmake)
[14.049s] -- Added test 'copyright' to check source files copyright and LICENSE
[17.200s] -- Added test 'cppcheck' to perform static code analysis on C / C++ code
[17.201s] -- Configured cppcheck include dirs: 
[17.201s] -- Configured cppcheck exclude dirs and/or files: 
[19.821s] -- Added test 'cpplint' to check C / C++ code against the Google style
[19.822s] -- Configured cpplint exclude dirs and/or files: 
[20.159s] -- Added test 'flake8' to check Python code syntax and style conventions
[20.845s] -- Added test 'lint_cmake' to check CMake code style
[21.183s] -- Added test 'pep257' to check Python code against some of the docstring style conventions in PEP 257
[23.812s] -- Added test 'uncrustify' to check C / C++ code style
[23.812s] -- Configured uncrustify additional arguments: 
[24.149s] -- Added test 'xmllint' to check XML markup files
[24.172s] -- Configuring done
[24.210s] -- Generating done
[24.217s] -- Build files have been written to: /home/team6/robot_ws/src/team6_car/build/team6_car
[24.255s] Invoked command in '/home/team6/robot_ws/src/team6_car/build/team6_car' returned '0': CMAKE_PREFIX_PATH=${CMAKE_PREFIX_PATH}:/home/team6/robot_ws/micorros_ws/install/sensor_msgs_py:/opt/ros/humble /usr/bin/cmake /home/team6/robot_ws/src/team6_car -DAMENT_CMAKE_SYMLINK_INSTALL=1 -DCMAKE_INSTALL_PREFIX=/home/team6/robot_ws/src/team6_car/install/team6_car
[24.266s] Invoking command in '/home/team6/robot_ws/src/team6_car/build/team6_car': CMAKE_PREFIX_PATH=${CMAKE_PREFIX_PATH}:/home/team6/robot_ws/micorros_ws/install/sensor_msgs_py:/opt/ros/humble /usr/bin/cmake --build /home/team6/robot_ws/src/team6_car/build/team6_car -- -j4 -l4
[24.602s] Invoked command in '/home/team6/robot_ws/src/team6_car/build/team6_car' returned '0': CMAKE_PREFIX_PATH=${CMAKE_PREFIX_PATH}:/home/team6/robot_ws/micorros_ws/install/sensor_msgs_py:/opt/ros/humble /usr/bin/cmake --build /home/team6/robot_ws/src/team6_car/build/team6_car -- -j4 -l4
[24.934s] Invoking command in '/home/team6/robot_ws/src/team6_car/build/team6_car': CMAKE_PREFIX_PATH=${CMAKE_PREFIX_PATH}:/home/team6/robot_ws/micorros_ws/install/sensor_msgs_py:/opt/ros/humble /usr/bin/cmake --install /home/team6/robot_ws/src/team6_car/build/team6_car
[24.999s] -- Install configuration: ""
[25.000s] -- Execute custom install script
[25.002s] -- Symlinking: /home/team6/robot_ws/src/team6_car/install/team6_car/share/team6_car/config/joystick.yaml
[25.075s] -- Up-to-date symlink: /home/team6/robot_ws/src/team6_car/install/team6_car/share/team6_car/config/mapper_params_online_async.yaml
[25.076s] -- Up-to-date symlink: /home/team6/robot_ws/src/team6_car/install/team6_car/share/team6_car/config/mapper_params_online_sync.yaml
[25.077s] -- Symlinking: /home/team6/robot_ws/src/team6_car/install/team6_car/share/team6_car/config/my_controllers.yaml
[25.147s] -- Symlinking: /home/team6/robot_ws/src/team6_car/install/team6_car/share/team6_car/config/nav2_params.yaml
[25.220s] -- Symlinking: /home/team6/robot_ws/src/team6_car/install/team6_car/share/team6_car/config/teleop_twst_joy.yaml
[25.293s] -- Symlinking: /home/team6/robot_ws/src/team6_car/install/team6_car/share/team6_car/description/inertial_macros.xacro
[25.368s] -- Up-to-date symlink: /home/team6/robot_ws/src/team6_car/install/team6_car/share/team6_car/description/lidar.xacro
[25.368s] -- Up-to-date symlink: /home/team6/robot_ws/src/team6_car/install/team6_car/share/team6_car/description/materials.xacro
[25.369s] -- Symlinking: /home/team6/robot_ws/src/team6_car/install/team6_car/share/team6_car/description/robot.urdf.xacro
[25.442s] -- Symlinking: /home/team6/robot_ws/src/team6_car/install/team6_car/share/team6_car/description/robot_core.xacro
[25.513s] -- Up-to-date symlink: /home/team6/robot_ws/src/team6_car/install/team6_car/share/team6_car/description/ros2_bicycle.xacro
[25.514s] -- Symlinking: /home/team6/robot_ws/src/team6_car/install/team6_car/share/team6_car/launch/joystick.launch.py
[25.588s] -- Up-to-date symlink: /home/team6/robot_ws/src/team6_car/install/team6_car/share/team6_car/launch/launch_robot.launch.py
[25.588s] -- Symlinking: /home/team6/robot_ws/src/team6_car/install/team6_car/share/team6_car/launch/localization_launch.py
[25.661s] -- Symlinking: /home/team6/robot_ws/src/team6_car/install/team6_car/share/team6_car/launch/navigation_launch.py
[25.735s] -- Symlinking: /home/team6/robot_ws/src/team6_car/install/team6_car/share/team6_car/launch/online_async_launch.py
[25.805s] -- Symlinking: /home/team6/robot_ws/src/team6_car/install/team6_car/share/team6_car/launch/rsp.launch.py
[25.876s] -- Symlinking: /home/team6/robot_ws/src/team6_car/install/team6_car/share/team6_car/launch/spawn_car.launch.py
[25.948s] -- Symlinking: /home/team6/robot_ws/src/team6_car/install/team6_car/share/team6_car/worlds/simple.world
[26.019s] -- Symlinking: /home/team6/robot_ws/src/team6_car/install/team6_car/share/ament_index/resource_index/package_run_dependencies/team6_car
[26.092s] -- Symlinking: /home/team6/robot_ws/src/team6_car/install/team6_car/share/ament_index/resource_index/parent_prefix_path/team6_car
[26.164s] -- Symlinking: /home/team6/robot_ws/src/team6_car/install/team6_car/share/team6_car/environment/ament_prefix_path.sh
[26.233s] -- Symlinking: /home/team6/robot_ws/src/team6_car/install/team6_car/share/team6_car/environment/ament_prefix_path.dsv
[26.310s] -- Symlinking: /home/team6/robot_ws/src/team6_car/install/team6_car/share/team6_car/environment/path.sh
[26.382s] -- Symlinking: /home/team6/robot_ws/src/team6_car/install/team6_car/share/team6_car/environment/path.dsv
[26.455s] -- Symlinking: /home/team6/robot_ws/src/team6_car/install/team6_car/share/team6_car/local_setup.bash
[26.525s] -- Symlinking: /home/team6/robot_ws/src/team6_car/install/team6_car/share/team6_car/local_setup.sh
[26.599s] -- Symlinking: /home/team6/robot_ws/src/team6_car/install/team6_car/share/team6_car/local_setup.zsh
[26.671s] -- Symlinking: /home/team6/robot_ws/src/team6_car/install/team6_car/share/team6_car/local_setup.dsv
[26.744s] -- Symlinking: /home/team6/robot_ws/src/team6_car/install/team6_car/share/team6_car/package.dsv
[26.815s] -- Symlinking: /home/team6/robot_ws/src/team6_car/install/team6_car/share/ament_index/resource_index/packages/team6_car
[26.886s] -- Symlinking: /home/team6/robot_ws/src/team6_car/install/team6_car/share/team6_car/cmake/team6_carConfig.cmake
[26.958s] -- Symlinking: /home/team6/robot_ws/src/team6_car/install/team6_car/share/team6_car/cmake/team6_carConfig-version.cmake
[27.030s] -- Symlinking: /home/team6/robot_ws/src/team6_car/install/team6_car/share/team6_car/package.xml
[27.107s] Invoked command in '/home/team6/robot_ws/src/team6_car/build/team6_car' returned '0': CMAKE_PREFIX_PATH=${CMAKE_PREFIX_PATH}:/home/team6/robot_ws/micorros_ws/install/sensor_msgs_py:/opt/ros/humble /usr/bin/cmake --install /home/team6/robot_ws/src/team6_car/build/team6_car
