[0.653s] DEBUG:colcon:Command line arguments: ['/usr/bin/colcon', 'build', '--symlink-install']
[0.654s] DEBUG:colcon:Parsed command line arguments: Namespace(log_base=None, log_level=None, verb_name='build', build_base='build', install_base='install', merge_install=False, symlink_install=True, test_result_base=None, continue_on_error=False, executor='parallel', parallel_workers=4, event_handlers=None, ignore_user_meta=False, metas=['./colcon.meta'], base_paths=['.'], packages_ignore=None, packages_ignore_regex=None, paths=None, packages_up_to=None, packages_up_to_regex=None, packages_above=None, packages_above_and_dependencies=None, packages_above_depth=None, packages_select_by_dep=None, packages_skip_by_dep=None, packages_skip_up_to=None, packages_select_build_failed=False, packages_skip_build_finished=False, packages_select_test_failures=False, packages_skip_test_passed=False, packages_select=None, packages_skip=None, packages_select_regex=None, packages_skip_regex=None, packages_start=None, packages_end=None, allow_overriding=[], cmake_args=None, cmake_target=None, cmake_target_skip_unavailable=False, cmake_clean_cache=False, cmake_clean_first=False, cmake_force_configure=False, ament_cmake_args=None, catkin_cmake_args=None, catkin_skip_building_tests=False, mixin_files=None, mixin=None, verb_parser=<colcon_mixin.mixin.mixin_argument.MixinArgumentDecorator object at 0xffff9a697b20>, verb_extension=<colcon_core.verb.build.BuildVerb object at 0xffff9a876020>, main=<bound method BuildVerb.main of <colcon_core.verb.build.BuildVerb object at 0xffff9a876020>>, mixin_verb=('build',))
[1.706s] Level 1:colcon.colcon_core.package_discovery:discover_packages(colcon_meta) check parameters
[1.707s] Level 1:colcon.colcon_core.package_discovery:discover_packages(recursive) check parameters
[1.707s] Level 1:colcon.colcon_core.package_discovery:discover_packages(ignore) check parameters
[1.707s] Level 1:colcon.colcon_core.package_discovery:discover_packages(path) check parameters
[1.708s] Level 1:colcon.colcon_core.package_discovery:discover_packages(colcon_meta) discover
[1.708s] Level 1:colcon.colcon_core.package_discovery:discover_packages(recursive) discover
[1.708s] INFO:colcon.colcon_core.package_discovery:Crawling recursively for packages in '/home/team6/robot_ws/src/team6_car'
[1.708s] Level 1:colcon.colcon_core.package_identification:_identify(.) by extensions ['ignore', 'ignore_ament_install']
[1.709s] Level 1:colcon.colcon_core.package_identification:_identify(.) by extension 'ignore'
[1.709s] Level 1:colcon.colcon_core.package_identification:_identify(.) by extension 'ignore_ament_install'
[1.709s] Level 1:colcon.colcon_core.package_identification:_identify(.) by extensions ['colcon_pkg']
[1.709s] Level 1:colcon.colcon_core.package_identification:_identify(.) by extension 'colcon_pkg'
[1.710s] Level 1:colcon.colcon_core.package_identification:_identify(.) by extensions ['colcon_meta']
[1.710s] Level 1:colcon.colcon_core.package_identification:_identify(.) by extension 'colcon_meta'
[1.710s] Level 1:colcon.colcon_core.package_identification:_identify(.) by extensions ['ros']
[1.710s] Level 1:colcon.colcon_core.package_identification:_identify(.) by extension 'ros'
[1.767s] DEBUG:colcon.colcon_core.package_identification:Package '.' with type 'ros.ament_cmake' and name 'team6_car'
[1.767s] Level 1:colcon.colcon_core.package_discovery:discover_packages(recursive) using defaults
[1.767s] Level 1:colcon.colcon_core.package_discovery:discover_packages(ignore) discover
[1.767s] Level 1:colcon.colcon_core.package_discovery:discover_packages(ignore) using defaults
[1.767s] Level 1:colcon.colcon_core.package_discovery:discover_packages(path) discover
[1.767s] Level 1:colcon.colcon_core.package_discovery:discover_packages(path) using defaults
[1.924s] Level 1:colcon.colcon_core.package_discovery:discover_packages(prefix_path) check parameters
[1.924s] Level 1:colcon.colcon_core.package_discovery:discover_packages(prefix_path) discover
[2.306s] DEBUG:colcon.colcon_installed_package_information.package_discovery:Found 1 installed packages in /home/team6/robot_ws/src/team6_car/install
[2.309s] DEBUG:colcon.colcon_installed_package_information.package_discovery:Found 3 installed packages in /home/team6/ros2_ws/install
[2.311s] DEBUG:colcon.colcon_installed_package_information.package_discovery:Found 1 installed packages in /home/team6/ldlidar_ros_ws/install
[2.319s] DEBUG:colcon.colcon_installed_package_information.package_discovery:Found 39 installed packages in /home/team6/robot_ws/micorros_ws/install
[2.326s] DEBUG:colcon.colcon_installed_package_information.package_discovery:Found 23 installed packages in /home/team6/robot_ws/install
[2.342s] DEBUG:colcon.colcon_installed_package_information.package_discovery:Found 53 installed packages in /home/team6/robot_ws/src/install
[2.357s] DEBUG:colcon.colcon_installed_package_information.package_discovery:Found 365 installed packages in /opt/ros/humble
[2.372s] Level 1:colcon.colcon_core.package_discovery:discover_packages(prefix_path) using defaults
[2.890s] Level 5:colcon.colcon_core.verb:set package 'team6_car' build argument 'cmake_args' from command line to 'None'
[2.891s] Level 5:colcon.colcon_core.verb:set package 'team6_car' build argument 'cmake_target' from command line to 'None'
[2.891s] Level 5:colcon.colcon_core.verb:set package 'team6_car' build argument 'cmake_target_skip_unavailable' from command line to 'False'
[2.891s] Level 5:colcon.colcon_core.verb:set package 'team6_car' build argument 'cmake_clean_cache' from command line to 'False'
[2.891s] Level 5:colcon.colcon_core.verb:set package 'team6_car' build argument 'cmake_clean_first' from command line to 'False'
[2.891s] Level 5:colcon.colcon_core.verb:set package 'team6_car' build argument 'cmake_force_configure' from command line to 'False'
[2.891s] Level 5:colcon.colcon_core.verb:set package 'team6_car' build argument 'ament_cmake_args' from command line to 'None'
[2.891s] Level 5:colcon.colcon_core.verb:set package 'team6_car' build argument 'catkin_cmake_args' from command line to 'None'
[2.891s] Level 5:colcon.colcon_core.verb:set package 'team6_car' build argument 'catkin_skip_building_tests' from command line to 'False'
[2.891s] DEBUG:colcon.colcon_core.verb:Building package 'team6_car' with the following arguments: {'ament_cmake_args': None, 'build_base': '/home/team6/robot_ws/src/team6_car/build/team6_car', 'catkin_cmake_args': None, 'catkin_skip_building_tests': False, 'cmake_args': None, 'cmake_clean_cache': False, 'cmake_clean_first': False, 'cmake_force_configure': False, 'cmake_target': None, 'cmake_target_skip_unavailable': False, 'install_base': '/home/team6/robot_ws/src/team6_car/install/team6_car', 'merge_install': False, 'path': '/home/team6/robot_ws/src/team6_car', 'symlink_install': True, 'test_result_base': None}
[2.892s] INFO:colcon.colcon_core.executor:Executing jobs using 'parallel' executor
[2.895s] DEBUG:colcon.colcon_parallel_executor.executor.parallel:run_until_complete
[2.896s] INFO:colcon.colcon_ros.task.ament_cmake.build:Building ROS package in '/home/team6/robot_ws/src/team6_car' with build type 'ament_cmake'
[2.897s] INFO:colcon.colcon_cmake.task.cmake.build:Building CMake package in '/home/team6/robot_ws/src/team6_car'
[2.911s] INFO:colcon.colcon_core.plugin_system:Skipping extension 'colcon_core.shell.bat': Not used on non-Windows systems
[2.912s] INFO:colcon.colcon_core.shell:Skip shell extension 'powershell' for command environment: Not usable outside of PowerShell
[2.912s] DEBUG:colcon.colcon_core.shell:Skip shell extension 'dsv' for command environment
[3.072s] DEBUG:colcon.colcon_core.event_handler.log_command:Invoking command in '/home/team6/robot_ws/src/team6_car/build/team6_car': CMAKE_PREFIX_PATH=${CMAKE_PREFIX_PATH}:/home/team6/robot_ws/src/install/rqt_joint_trajectory_controller:/home/team6/robot_ws/src/install/rqt_controller_manager:/home/team6/robot_ws/src/install/ros2controlcli:/home/team6/robot_ws/src/install/ros2_controllers_test_nodes:/home/team6/robot_ws/micorros_ws/install/sensor_msgs_py:/opt/ros/humble /usr/bin/cmake --build /home/team6/robot_ws/src/team6_car/build/team6_car -- -j4 -l4
[3.754s] DEBUG:colcon.colcon_core.event_handler.log_command:Invoked command in '/home/team6/robot_ws/src/team6_car/build/team6_car' returned '0': CMAKE_PREFIX_PATH=${CMAKE_PREFIX_PATH}:/home/team6/robot_ws/src/install/rqt_joint_trajectory_controller:/home/team6/robot_ws/src/install/rqt_controller_manager:/home/team6/robot_ws/src/install/ros2controlcli:/home/team6/robot_ws/src/install/ros2_controllers_test_nodes:/home/team6/robot_ws/micorros_ws/install/sensor_msgs_py:/opt/ros/humble /usr/bin/cmake --build /home/team6/robot_ws/src/team6_car/build/team6_car -- -j4 -l4
[4.401s] DEBUG:colcon.colcon_core.event_handler.log_command:Invoking command in '/home/team6/robot_ws/src/team6_car/build/team6_car': CMAKE_PREFIX_PATH=${CMAKE_PREFIX_PATH}:/home/team6/robot_ws/src/install/rqt_joint_trajectory_controller:/home/team6/robot_ws/src/install/rqt_controller_manager:/home/team6/robot_ws/src/install/ros2controlcli:/home/team6/robot_ws/src/install/ros2_controllers_test_nodes:/home/team6/robot_ws/micorros_ws/install/sensor_msgs_py:/opt/ros/humble /usr/bin/cmake --install /home/team6/robot_ws/src/team6_car/build/team6_car
[4.722s] Level 1:colcon.colcon_core.environment:create_environment_scripts_only(team6_car)
[4.724s] DEBUG:colcon.colcon_core.event_handler.log_command:Invoked command in '/home/team6/robot_ws/src/team6_car/build/team6_car' returned '0': CMAKE_PREFIX_PATH=${CMAKE_PREFIX_PATH}:/home/team6/robot_ws/src/install/rqt_joint_trajectory_controller:/home/team6/robot_ws/src/install/rqt_controller_manager:/home/team6/robot_ws/src/install/ros2controlcli:/home/team6/robot_ws/src/install/ros2_controllers_test_nodes:/home/team6/robot_ws/micorros_ws/install/sensor_msgs_py:/opt/ros/humble /usr/bin/cmake --install /home/team6/robot_ws/src/team6_car/build/team6_car
[4.741s] Level 1:colcon.colcon_core.environment:checking '/home/team6/robot_ws/src/team6_car/install/team6_car' for CMake module files
[4.744s] Level 1:colcon.colcon_core.environment:checking '/home/team6/robot_ws/src/team6_car/install/team6_car' for CMake config files
[4.747s] Level 1:colcon.colcon_core.shell:create_environment_hook('team6_car', 'cmake_prefix_path')
[4.748s] INFO:colcon.colcon_core.shell:Creating environment hook '/home/team6/robot_ws/src/team6_car/install/team6_car/share/team6_car/hook/cmake_prefix_path.ps1'
[4.751s] INFO:colcon.colcon_core.shell:Creating environment descriptor '/home/team6/robot_ws/src/team6_car/install/team6_car/share/team6_car/hook/cmake_prefix_path.dsv'
[4.753s] INFO:colcon.colcon_core.shell:Creating environment hook '/home/team6/robot_ws/src/team6_car/install/team6_car/share/team6_car/hook/cmake_prefix_path.sh'
[4.758s] Level 1:colcon.colcon_core.environment:checking '/home/team6/robot_ws/src/team6_car/install/team6_car/bin'
[4.759s] Level 1:colcon.colcon_core.environment:checking '/home/team6/robot_ws/src/team6_car/install/team6_car/lib/pkgconfig/team6_car.pc'
[4.760s] Level 1:colcon.colcon_core.environment:checking '/home/team6/robot_ws/src/team6_car/install/team6_car/lib/python3.10/site-packages'
[4.761s] Level 1:colcon.colcon_core.environment:checking '/home/team6/robot_ws/src/team6_car/install/team6_car/bin'
[4.762s] INFO:colcon.colcon_core.shell:Creating package script '/home/team6/robot_ws/src/team6_car/install/team6_car/share/team6_car/package.ps1'
[4.765s] INFO:colcon.colcon_core.shell:Creating package descriptor '/home/team6/robot_ws/src/team6_car/install/team6_car/share/team6_car/package.dsv'
[4.768s] INFO:colcon.colcon_core.shell:Creating package script '/home/team6/robot_ws/src/team6_car/install/team6_car/share/team6_car/package.sh'
[4.771s] INFO:colcon.colcon_core.shell:Creating package script '/home/team6/robot_ws/src/team6_car/install/team6_car/share/team6_car/package.bash'
[4.775s] INFO:colcon.colcon_core.shell:Creating package script '/home/team6/robot_ws/src/team6_car/install/team6_car/share/team6_car/package.zsh'
[4.778s] Level 1:colcon.colcon_core.environment:create_file_with_runtime_dependencies(/home/team6/robot_ws/src/team6_car/install/team6_car/share/colcon-core/packages/team6_car)
[5.274s] Level 1:colcon.colcon_core.environment:create_environment_scripts_only(team6_car)
[5.275s] Level 1:colcon.colcon_core.environment:checking '/home/team6/robot_ws/src/team6_car/install/team6_car' for CMake module files
[5.278s] Level 1:colcon.colcon_core.environment:checking '/home/team6/robot_ws/src/team6_car/install/team6_car' for CMake config files
[5.282s] Level 1:colcon.colcon_core.shell:create_environment_hook('team6_car', 'cmake_prefix_path')
[5.283s] INFO:colcon.colcon_core.shell:Creating environment hook '/home/team6/robot_ws/src/team6_car/install/team6_car/share/team6_car/hook/cmake_prefix_path.ps1'
[5.285s] INFO:colcon.colcon_core.shell:Creating environment descriptor '/home/team6/robot_ws/src/team6_car/install/team6_car/share/team6_car/hook/cmake_prefix_path.dsv'
[5.287s] INFO:colcon.colcon_core.shell:Creating environment hook '/home/team6/robot_ws/src/team6_car/install/team6_car/share/team6_car/hook/cmake_prefix_path.sh'
[5.291s] Level 1:colcon.colcon_core.environment:checking '/home/team6/robot_ws/src/team6_car/install/team6_car/bin'
[5.291s] Level 1:colcon.colcon_core.environment:checking '/home/team6/robot_ws/src/team6_car/install/team6_car/lib/pkgconfig/team6_car.pc'
[5.292s] Level 1:colcon.colcon_core.environment:checking '/home/team6/robot_ws/src/team6_car/install/team6_car/lib/python3.10/site-packages'
[5.293s] Level 1:colcon.colcon_core.environment:checking '/home/team6/robot_ws/src/team6_car/install/team6_car/bin'
[5.294s] INFO:colcon.colcon_core.shell:Creating package script '/home/team6/robot_ws/src/team6_car/install/team6_car/share/team6_car/package.ps1'
[5.296s] INFO:colcon.colcon_core.shell:Creating package descriptor '/home/team6/robot_ws/src/team6_car/install/team6_car/share/team6_car/package.dsv'
[5.299s] INFO:colcon.colcon_core.shell:Creating package script '/home/team6/robot_ws/src/team6_car/install/team6_car/share/team6_car/package.sh'
[5.301s] INFO:colcon.colcon_core.shell:Creating package script '/home/team6/robot_ws/src/team6_car/install/team6_car/share/team6_car/package.bash'
[5.302s] INFO:colcon.colcon_core.shell:Creating package script '/home/team6/robot_ws/src/team6_car/install/team6_car/share/team6_car/package.zsh'
[5.304s] Level 1:colcon.colcon_core.environment:create_file_with_runtime_dependencies(/home/team6/robot_ws/src/team6_car/install/team6_car/share/colcon-core/packages/team6_car)
[5.305s] DEBUG:colcon.colcon_parallel_executor.executor.parallel:closing loop
[5.307s] DEBUG:colcon.colcon_parallel_executor.executor.parallel:loop closed
[5.307s] DEBUG:colcon.colcon_parallel_executor.executor.parallel:run_until_complete finished with '0'
[5.307s] DEBUG:colcon.colcon_core.event_reactor:joining thread
[5.366s] INFO:colcon.colcon_core.plugin_system:Skipping extension 'colcon_notification.desktop_notification.terminal_notifier': Not used on non-Darwin systems
[5.367s] INFO:colcon.colcon_core.plugin_system:Skipping extension 'colcon_notification.desktop_notification.win32': Not used on non-Windows systems
[5.368s] INFO:colcon.colcon_notification.desktop_notification:Sending desktop notification using 'notify2'
[5.424s] DEBUG:colcon.colcon_core.event_reactor:joined thread
[5.425s] INFO:colcon.colcon_core.shell:Creating prefix script '/home/team6/robot_ws/src/team6_car/install/local_setup.ps1'
[5.429s] INFO:colcon.colcon_core.shell:Creating prefix util module '/home/team6/robot_ws/src/team6_car/install/_local_setup_util_ps1.py'
[5.437s] INFO:colcon.colcon_core.shell:Creating prefix chain script '/home/team6/robot_ws/src/team6_car/install/setup.ps1'
[5.486s] INFO:colcon.colcon_core.shell:Creating prefix script '/home/team6/robot_ws/src/team6_car/install/local_setup.sh'
[5.491s] INFO:colcon.colcon_core.shell:Creating prefix util module '/home/team6/robot_ws/src/team6_car/install/_local_setup_util_sh.py'
[5.494s] INFO:colcon.colcon_core.shell:Creating prefix chain script '/home/team6/robot_ws/src/team6_car/install/setup.sh'
[5.543s] INFO:colcon.colcon_core.shell:Creating prefix script '/home/team6/robot_ws/src/team6_car/install/local_setup.bash'
[5.547s] INFO:colcon.colcon_core.shell:Creating prefix chain script '/home/team6/robot_ws/src/team6_car/install/setup.bash'
[5.592s] INFO:colcon.colcon_core.shell:Creating prefix script '/home/team6/robot_ws/src/team6_car/install/local_setup.zsh'
[5.597s] INFO:colcon.colcon_core.shell:Creating prefix chain script '/home/team6/robot_ws/src/team6_car/install/setup.zsh'
