[0.007s] Invoking command in '/home/adrien/dev_ws/src/build/team6_car': CMAKE_PREFIX_PATH=${CMAKE_PREFIX_PATH}:/opt/ros/humble /usr/bin/cmake --build /home/adrien/dev_ws/src/build/team6_car -- -j8 -l8
[0.022s] -- Found ament_cmake: 1.3.8 (/opt/ros/humble/share/ament_cmake/cmake)
[0.100s] -- Override CMake install command with custom implementation using symlinks instead of copying resources
[0.106s] -- Found rclcpp: 16.0.8 (/opt/ros/humble/share/rclcpp/cmake)
[0.130s] -- Found rosidl_generator_c: 3.1.5 (/opt/ros/humble/share/rosidl_generator_c/cmake)
[0.131s] -- Found rosidl_adapter: 3.1.5 (/opt/ros/humble/share/rosidl_adapter/cmake)
[0.135s] -- Found rosidl_generator_cpp: 3.1.5 (/opt/ros/humble/share/rosidl_generator_cpp/cmake)
[0.141s] -- Using all available rosidl_typesupport_c: rosidl_typesupport_fastrtps_c;rosidl_typesupport_introspection_c
[0.152s] -- Using all available rosidl_typesupport_cpp: rosidl_typesupport_fastrtps_cpp;rosidl_typesupport_introspection_cpp
[0.199s] -- Found rmw_implementation_cmake: 6.1.1 (/opt/ros/humble/share/rmw_implementation_cmake/cmake)
[0.201s] -- Found rmw_fastrtps_cpp: 6.2.6 (/opt/ros/humble/share/rmw_fastrtps_cpp/cmake)
[0.271s] -- Found OpenSSL: /usr/lib/x86_64-linux-gnu/libcrypto.so (found version "3.0.2")  
[0.289s] -- Found FastRTPS: /opt/ros/humble/include  
[0.319s] -- Using RMW implementation 'rmw_fastrtps_cpp' as default
[0.329s] -- Looking for pthread.h
[0.415s] -- Looking for pthread.h - found
[0.415s] -- Performing Test CMAKE_HAVE_LIBC_PTHREAD
[0.478s] -- Performing Test CMAKE_HAVE_LIBC_PTHREAD - Success
[0.479s] -- Found Threads: TRUE  
[0.579s] -- Found geometry_msgs: 4.2.3 (/opt/ros/humble/share/geometry_msgs/cmake)
[0.606s] -- Found ament_lint_auto: 0.12.10 (/opt/ros/humble/share/ament_lint_auto/cmake)
[0.649s] -- Configuring done
[0.651s] [31mCMake Error at CMakeLists.txt:25 (add_executable):
[0.651s]   Cannot find source file:
[0.651s] 
[0.651s]     src/velocity_to_pwm.cpp
[0.651s] 
[0.651s]   Tried extensions .c .C .c++ .cc .cpp .cxx .cu .mpp .m .M .mm .ixx .cppm .h
[0.651s]   .hh .h++ .hm .hpp .hxx .in .txx .f .F .for .f77 .f90 .f95 .f03 .hip .ispc
[0.651s] 
[0.651s] [0m
[0.651s] [31mCMake Error at CMakeLists.txt:25 (add_executable):
[0.651s]   No SOURCES given to target: talker
[0.651s] 
[0.651s] [0m
[0.651s] [0mCMake Generate step failed.  Build files cannot be regenerated correctly.[0m
[0.656s] gmake: *** [Makefile:226: cmake_check_build_system] Error 1
[0.657s] Invoked command in '/home/adrien/dev_ws/src/build/team6_car' returned '2': CMAKE_PREFIX_PATH=${CMAKE_PREFIX_PATH}:/opt/ros/humble /usr/bin/cmake --build /home/adrien/dev_ws/src/build/team6_car -- -j8 -l8
