[0.006s] Invoking command in '/home/adrien/dev_ws/src/build/team6_car': CMAKE_PREFIX_PATH=/opt/ros/humble /usr/bin/cmake --build /home/adrien/dev_ws/src/build/team6_car -- -j8 -l8
[0.021s] -- Found ament_cmake: 1.3.8 (/opt/ros/humble/share/ament_cmake/cmake)
[0.097s] -- Override CMake install command with custom implementation using symlinks instead of copying resources
[0.102s] -- Found ament_lint_auto: 0.12.10 (/opt/ros/humble/share/ament_lint_auto/cmake)
[0.172s] -- Added test 'copyright' to check source files copyright and LICENSE
[0.181s] -- Added test 'flake8' to check Python code syntax and style conventions
[0.182s] -- Added test 'lint_cmake' to check CMake code style
[0.183s] -- Added test 'pep257' to check Python code against some of the docstring style conventions in PEP 257
[0.188s] -- Added test 'xmllint' to check XML markup files
[0.188s] -- Configuring done
[0.191s] -- Generating done
[0.192s] -- Build files have been written to: /home/adrien/dev_ws/src/build/team6_car
[0.208s] Invoked command in '/home/adrien/dev_ws/src/build/team6_car' returned '0': CMAKE_PREFIX_PATH=/opt/ros/humble /usr/bin/cmake --build /home/adrien/dev_ws/src/build/team6_car -- -j8 -l8
[0.232s] Invoking command in '/home/adrien/dev_ws/src/build/team6_car': CMAKE_PREFIX_PATH=/opt/ros/humble /usr/bin/cmake --install /home/adrien/dev_ws/src/build/team6_car
[0.236s] -- Install configuration: ""
[0.236s] -- Execute custom install script
[0.237s] -- Up-to-date symlink: /home/adrien/dev_ws/src/install/team6_car/share/team6_car/config/empty.yaml
[0.237s] -- Up-to-date symlink: /home/adrien/dev_ws/src/install/team6_car/share/team6_car/config/joystick.yaml
[0.237s] -- Up-to-date symlink: /home/adrien/dev_ws/src/install/team6_car/share/team6_car/config/my_controllers.yaml
[0.237s] -- Up-to-date symlink: /home/adrien/dev_ws/src/install/team6_car/share/team6_car/config/teleop_twst_joy.yaml
[0.237s] -- Up-to-date symlink: /home/adrien/dev_ws/src/install/team6_car/share/team6_car/description/inertial_macros.xacro
[0.237s] -- Up-to-date symlink: /home/adrien/dev_ws/src/install/team6_car/share/team6_car/description/robot.urdf.xacro
[0.237s] -- Up-to-date symlink: /home/adrien/dev_ws/src/install/team6_car/share/team6_car/description/robot_core.xacro
[0.237s] -- Up-to-date symlink: /home/adrien/dev_ws/src/install/team6_car/share/team6_car/description/robot_core_f1tenth.xacro
[0.237s] -- Up-to-date symlink: /home/adrien/dev_ws/src/install/team6_car/share/team6_car/description/ros2_ack.xacro
[0.237s] -- Up-to-date symlink: /home/adrien/dev_ws/src/install/team6_car/share/team6_car/launch/all.launch.py
[0.237s] -- Up-to-date symlink: /home/adrien/dev_ws/src/install/team6_car/share/team6_car/launch/joystick.launch.py
[0.238s] -- Up-to-date symlink: /home/adrien/dev_ws/src/install/team6_car/share/team6_car/launch/launch_sim.launch.py
[0.238s] -- Up-to-date symlink: /home/adrien/dev_ws/src/install/team6_car/share/team6_car/launch/rsp.launch.py
[0.238s] -- Up-to-date symlink: /home/adrien/dev_ws/src/install/team6_car/share/team6_car/launch/spawn_car.launch.py
[0.238s] -- Up-to-date symlink: /home/adrien/dev_ws/src/install/team6_car/share/team6_car/worlds/empty.world
[0.238s] -- Up-to-date symlink: /home/adrien/dev_ws/src/install/team6_car/share/team6_car/worlds/simple.world
[0.238s] -- Symlinking: /home/adrien/dev_ws/src/install/team6_car/share/team6_car/tests/velocity_to_pwm.py
[0.245s] -- Up-to-date symlink: /home/adrien/dev_ws/src/install/team6_car/share/ament_index/resource_index/package_run_dependencies/team6_car
[0.245s] -- Up-to-date symlink: /home/adrien/dev_ws/src/install/team6_car/share/ament_index/resource_index/parent_prefix_path/team6_car
[0.245s] -- Up-to-date symlink: /home/adrien/dev_ws/src/install/team6_car/share/team6_car/environment/ament_prefix_path.sh
[0.245s] -- Up-to-date symlink: /home/adrien/dev_ws/src/install/team6_car/share/team6_car/environment/ament_prefix_path.dsv
[0.245s] -- Up-to-date symlink: /home/adrien/dev_ws/src/install/team6_car/share/team6_car/environment/path.sh
[0.245s] -- Up-to-date symlink: /home/adrien/dev_ws/src/install/team6_car/share/team6_car/environment/path.dsv
[0.245s] -- Up-to-date symlink: /home/adrien/dev_ws/src/install/team6_car/share/team6_car/local_setup.bash
[0.245s] -- Up-to-date symlink: /home/adrien/dev_ws/src/install/team6_car/share/team6_car/local_setup.sh
[0.246s] -- Up-to-date symlink: /home/adrien/dev_ws/src/install/team6_car/share/team6_car/local_setup.zsh
[0.246s] -- Up-to-date symlink: /home/adrien/dev_ws/src/install/team6_car/share/team6_car/local_setup.dsv
[0.246s] -- Symlinking: /home/adrien/dev_ws/src/install/team6_car/share/team6_car/package.dsv
[0.252s] -- Up-to-date symlink: /home/adrien/dev_ws/src/install/team6_car/share/ament_index/resource_index/packages/team6_car
[0.252s] -- Up-to-date symlink: /home/adrien/dev_ws/src/install/team6_car/share/team6_car/cmake/team6_carConfig.cmake
[0.252s] -- Up-to-date symlink: /home/adrien/dev_ws/src/install/team6_car/share/team6_car/cmake/team6_carConfig-version.cmake
[0.252s] -- Up-to-date symlink: /home/adrien/dev_ws/src/install/team6_car/share/team6_car/package.xml
[0.254s] Invoked command in '/home/adrien/dev_ws/src/build/team6_car' returned '0': CMAKE_PREFIX_PATH=/opt/ros/humble /usr/bin/cmake --install /home/adrien/dev_ws/src/build/team6_car
