[0.198s] Invoking command in '/home/team6/robot_ws/src/team6_car/build/team6_car': CMAKE_PREFIX_PATH=${CMAKE_PREFIX_PATH}:/home/team6/robot_ws/src/install/rqt_joint_trajectory_controller:/home/team6/robot_ws/src/install/rqt_controller_manager:/home/team6/robot_ws/src/install/ros2controlcli:/home/team6/robot_ws/src/install/ros2_controllers_test_nodes:/home/team6/robot_ws/micorros_ws/install/sensor_msgs_py:/opt/ros/humble /usr/bin/cmake --build /home/team6/robot_ws/src/team6_car/build/team6_car -- -j4 -l4
[1.195s] Invoked command in '/home/team6/robot_ws/src/team6_car/build/team6_car' returned '0': CMAKE_PREFIX_PATH=${CMAKE_PREFIX_PATH}:/home/team6/robot_ws/src/install/rqt_joint_trajectory_controller:/home/team6/robot_ws/src/install/rqt_controller_manager:/home/team6/robot_ws/src/install/ros2controlcli:/home/team6/robot_ws/src/install/ros2_controllers_test_nodes:/home/team6/robot_ws/micorros_ws/install/sensor_msgs_py:/opt/ros/humble /usr/bin/cmake --build /home/team6/robot_ws/src/team6_car/build/team6_car -- -j4 -l4
[1.853s] Invoking command in '/home/team6/robot_ws/src/team6_car/build/team6_car': CMAKE_PREFIX_PATH=${CMAKE_PREFIX_PATH}:/home/team6/robot_ws/src/install/rqt_joint_trajectory_controller:/home/team6/robot_ws/src/install/rqt_controller_manager:/home/team6/robot_ws/src/install/ros2controlcli:/home/team6/robot_ws/src/install/ros2_controllers_test_nodes:/home/team6/robot_ws/micorros_ws/install/sensor_msgs_py:/opt/ros/humble /usr/bin/cmake --install /home/team6/robot_ws/src/team6_car/build/team6_car
[2.007s] -- Install configuration: ""
[2.012s] -- Execute custom install script
[2.019s] -- Up-to-date symlink: /home/team6/robot_ws/src/team6_car/install/team6_car/share/team6_car/config/joystick.yaml
[2.020s] -- Up-to-date symlink: /home/team6/robot_ws/src/team6_car/install/team6_car/share/team6_car/config/mapper_params_online_async.yaml
[2.022s] -- Up-to-date symlink: /home/team6/robot_ws/src/team6_car/install/team6_car/share/team6_car/config/mapper_params_online_sync.yaml
[2.024s] -- Up-to-date symlink: /home/team6/robot_ws/src/team6_car/install/team6_car/share/team6_car/config/my_controllers.yaml
[2.025s] -- Up-to-date symlink: /home/team6/robot_ws/src/team6_car/install/team6_car/share/team6_car/config/nav2_params.yaml
[2.026s] -- Up-to-date symlink: /home/team6/robot_ws/src/team6_car/install/team6_car/share/team6_car/config/teleop_twst_joy.yaml
[2.029s] -- Up-to-date symlink: /home/team6/robot_ws/src/team6_car/install/team6_car/share/team6_car/description/inertial_macros.xacro
[2.030s] -- Up-to-date symlink: /home/team6/robot_ws/src/team6_car/install/team6_car/share/team6_car/description/lidar.xacro
[2.033s] -- Up-to-date symlink: /home/team6/robot_ws/src/team6_car/install/team6_car/share/team6_car/description/materials.xacro
[2.035s] -- Up-to-date symlink: /home/team6/robot_ws/src/team6_car/install/team6_car/share/team6_car/description/robot.urdf.xacro
[2.037s] -- Up-to-date symlink: /home/team6/robot_ws/src/team6_car/install/team6_car/share/team6_car/description/robot_core.xacro
[2.038s] -- Up-to-date symlink: /home/team6/robot_ws/src/team6_car/install/team6_car/share/team6_car/description/ros2_bicycle.xacro
[2.041s] -- Up-to-date symlink: /home/team6/robot_ws/src/team6_car/install/team6_car/share/team6_car/launch/joystick.launch.py
[2.042s] -- Up-to-date symlink: /home/team6/robot_ws/src/team6_car/install/team6_car/share/team6_car/launch/launch_robot.launch.py
[2.044s] -- Up-to-date symlink: /home/team6/robot_ws/src/team6_car/install/team6_car/share/team6_car/launch/localization_launch.py
[2.045s] -- Up-to-date symlink: /home/team6/robot_ws/src/team6_car/install/team6_car/share/team6_car/launch/navigation_launch.py
[2.047s] -- Up-to-date symlink: /home/team6/robot_ws/src/team6_car/install/team6_car/share/team6_car/launch/online_async_launch.py
[2.048s] -- Up-to-date symlink: /home/team6/robot_ws/src/team6_car/install/team6_car/share/team6_car/launch/online_sync_launch.py
[2.049s] -- Up-to-date symlink: /home/team6/robot_ws/src/team6_car/install/team6_car/share/team6_car/launch/rsp.launch.py
[2.053s] -- Up-to-date symlink: /home/team6/robot_ws/src/team6_car/install/team6_car/share/team6_car/launch/spawn_car.launch.py
[2.054s] -- Up-to-date symlink: /home/team6/robot_ws/src/team6_car/install/team6_car/share/team6_car/worlds/simple.world
[2.057s] -- Up-to-date symlink: /home/team6/robot_ws/src/team6_car/install/team6_car/share/team6_car/maps/.data
[2.058s] -- Up-to-date symlink: /home/team6/robot_ws/src/team6_car/install/team6_car/share/team6_car/maps/.posegraph
[2.059s] -- Up-to-date symlink: /home/team6/robot_ws/src/team6_car/install/team6_car/share/team6_car/maps/hallway.pgm
[2.059s] -- Up-to-date symlink: /home/team6/robot_ws/src/team6_car/install/team6_car/share/team6_car/maps/hallway.yaml
[2.060s] -- Up-to-date symlink: /home/team6/robot_ws/src/team6_car/install/team6_car/share/team6_car/maps/living room.data
[2.062s] -- Up-to-date symlink: /home/team6/robot_ws/src/team6_car/install/team6_car/share/team6_car/maps/living room.posegraph
[2.063s] -- Up-to-date symlink: /home/team6/robot_ws/src/team6_car/install/team6_car/share/team6_car/maps/living_room.pgm
[2.064s] -- Up-to-date symlink: /home/team6/robot_ws/src/team6_car/install/team6_car/share/team6_car/maps/living_room.yaml
[2.065s] -- Up-to-date symlink: /home/team6/robot_ws/src/team6_car/install/team6_car/share/team6_car/maps/newmap.pgm
[2.066s] -- Up-to-date symlink: /home/team6/robot_ws/src/team6_car/install/team6_car/share/team6_car/maps/newmap.yaml
[2.067s] -- Up-to-date symlink: /home/team6/robot_ws/src/team6_car/install/team6_car/share/ament_index/resource_index/package_run_dependencies/team6_car
[2.070s] -- Up-to-date symlink: /home/team6/robot_ws/src/team6_car/install/team6_car/share/ament_index/resource_index/parent_prefix_path/team6_car
[2.074s] -- Up-to-date symlink: /home/team6/robot_ws/src/team6_car/install/team6_car/share/team6_car/environment/ament_prefix_path.sh
[2.076s] -- Up-to-date symlink: /home/team6/robot_ws/src/team6_car/install/team6_car/share/team6_car/environment/ament_prefix_path.dsv
[2.077s] -- Up-to-date symlink: /home/team6/robot_ws/src/team6_car/install/team6_car/share/team6_car/environment/path.sh
[2.078s] -- Up-to-date symlink: /home/team6/robot_ws/src/team6_car/install/team6_car/share/team6_car/environment/path.dsv
[2.080s] -- Up-to-date symlink: /home/team6/robot_ws/src/team6_car/install/team6_car/share/team6_car/local_setup.bash
[2.082s] -- Up-to-date symlink: /home/team6/robot_ws/src/team6_car/install/team6_car/share/team6_car/local_setup.sh
[2.083s] -- Up-to-date symlink: /home/team6/robot_ws/src/team6_car/install/team6_car/share/team6_car/local_setup.zsh
[2.084s] -- Up-to-date symlink: /home/team6/robot_ws/src/team6_car/install/team6_car/share/team6_car/local_setup.dsv
[2.085s] -- Symlinking: /home/team6/robot_ws/src/team6_car/install/team6_car/share/team6_car/package.dsv
[2.239s] -- Up-to-date symlink: /home/team6/robot_ws/src/team6_car/install/team6_car/share/ament_index/resource_index/packages/team6_car
[2.241s] -- Up-to-date symlink: /home/team6/robot_ws/src/team6_car/install/team6_car/share/team6_car/cmake/team6_carConfig.cmake
[2.242s] -- Up-to-date symlink: /home/team6/robot_ws/src/team6_car/install/team6_car/share/team6_car/cmake/team6_carConfig-version.cmake
[2.243s] -- Up-to-date symlink: /home/team6/robot_ws/src/team6_car/install/team6_car/share/team6_car/package.xml
[2.253s] Invoked command in '/home/team6/robot_ws/src/team6_car/build/team6_car' returned '0': CMAKE_PREFIX_PATH=${CMAKE_PREFIX_PATH}:/home/team6/robot_ws/src/install/rqt_joint_trajectory_controller:/home/team6/robot_ws/src/install/rqt_controller_manager:/home/team6/robot_ws/src/install/ros2controlcli:/home/team6/robot_ws/src/install/ros2_controllers_test_nodes:/home/team6/robot_ws/micorros_ws/install/sensor_msgs_py:/opt/ros/humble /usr/bin/cmake --install /home/team6/robot_ws/src/team6_car/build/team6_car
