[0.294s] Invoking command in '/home/team6/robot_ws/src/team6_car/build/team6_car': CMAKE_PREFIX_PATH=${CMAKE_PREFIX_PATH}:/home/team6/robot_ws/src/install/rqt_joint_trajectory_controller:/home/team6/robot_ws/src/install/rqt_controller_manager:/home/team6/robot_ws/src/install/ros2controlcli:/home/team6/robot_ws/src/install/ros2_controllers_test_nodes:/home/team6/robot_ws/micorros_ws/install/sensor_msgs_py:/opt/ros/humble /usr/bin/cmake --build /home/team6/robot_ws/src/team6_car/build/team6_car -- -j4 -l4
[1.582s] Invoked command in '/home/team6/robot_ws/src/team6_car/build/team6_car' returned '0': CMAKE_PREFIX_PATH=${CMAKE_PREFIX_PATH}:/home/team6/robot_ws/src/install/rqt_joint_trajectory_controller:/home/team6/robot_ws/src/install/rqt_controller_manager:/home/team6/robot_ws/src/install/ros2controlcli:/home/team6/robot_ws/src/install/ros2_controllers_test_nodes:/home/team6/robot_ws/micorros_ws/install/sensor_msgs_py:/opt/ros/humble /usr/bin/cmake --build /home/team6/robot_ws/src/team6_car/build/team6_car -- -j4 -l4
[2.469s] Invoking command in '/home/team6/robot_ws/src/team6_car/build/team6_car': CMAKE_PREFIX_PATH=${CMAKE_PREFIX_PATH}:/home/team6/robot_ws/src/install/rqt_joint_trajectory_controller:/home/team6/robot_ws/src/install/rqt_controller_manager:/home/team6/robot_ws/src/install/ros2controlcli:/home/team6/robot_ws/src/install/ros2_controllers_test_nodes:/home/team6/robot_ws/micorros_ws/install/sensor_msgs_py:/opt/ros/humble /usr/bin/cmake --install /home/team6/robot_ws/src/team6_car/build/team6_car
[2.709s] -- Install configuration: ""
[2.718s] -- Execute custom install script
[2.732s] -- Up-to-date symlink: /home/team6/robot_ws/src/team6_car/install/team6_car/share/team6_car/config/joystick.yaml
[2.737s] -- Up-to-date symlink: /home/team6/robot_ws/src/team6_car/install/team6_car/share/team6_car/config/mapper_params_online_async.yaml
[2.742s] -- Up-to-date symlink: /home/team6/robot_ws/src/team6_car/install/team6_car/share/team6_car/config/mapper_params_online_sync.yaml
[2.748s] -- Up-to-date symlink: /home/team6/robot_ws/src/team6_car/install/team6_car/share/team6_car/config/my_controllers.yaml
[2.751s] -- Up-to-date symlink: /home/team6/robot_ws/src/team6_car/install/team6_car/share/team6_car/config/nav2_params.yaml
[2.756s] -- Up-to-date symlink: /home/team6/robot_ws/src/team6_car/install/team6_car/share/team6_car/config/teleop_twst_joy.yaml
[2.760s] -- Up-to-date symlink: /home/team6/robot_ws/src/team6_car/install/team6_car/share/team6_car/description/inertial_macros.xacro
[2.764s] -- Up-to-date symlink: /home/team6/robot_ws/src/team6_car/install/team6_car/share/team6_car/description/lidar.xacro
[2.768s] -- Up-to-date symlink: /home/team6/robot_ws/src/team6_car/install/team6_car/share/team6_car/description/materials.xacro
[2.771s] -- Up-to-date symlink: /home/team6/robot_ws/src/team6_car/install/team6_car/share/team6_car/description/robot.urdf.xacro
[2.774s] -- Up-to-date symlink: /home/team6/robot_ws/src/team6_car/install/team6_car/share/team6_car/description/robot_core.xacro
[2.778s] -- Up-to-date symlink: /home/team6/robot_ws/src/team6_car/install/team6_car/share/team6_car/description/ros2_bicycle.xacro
[2.782s] -- Up-to-date symlink: /home/team6/robot_ws/src/team6_car/install/team6_car/share/team6_car/launch/joystick.launch.py
[2.787s] -- Up-to-date symlink: /home/team6/robot_ws/src/team6_car/install/team6_car/share/team6_car/launch/launch_robot.launch.py
[2.792s] -- Up-to-date symlink: /home/team6/robot_ws/src/team6_car/install/team6_car/share/team6_car/launch/localization_launch.py
[2.795s] -- Up-to-date symlink: /home/team6/robot_ws/src/team6_car/install/team6_car/share/team6_car/launch/navigation_launch.py
[2.799s] -- Up-to-date symlink: /home/team6/robot_ws/src/team6_car/install/team6_car/share/team6_car/launch/online_async_launch.py
[2.810s] -- Up-to-date symlink: /home/team6/robot_ws/src/team6_car/install/team6_car/share/team6_car/launch/online_sync_launch.py
[2.813s] -- Up-to-date symlink: /home/team6/robot_ws/src/team6_car/install/team6_car/share/team6_car/launch/rsp.launch.py
[2.815s] -- Up-to-date symlink: /home/team6/robot_ws/src/team6_car/install/team6_car/share/team6_car/launch/spawn_car.launch.py
[2.817s] -- Up-to-date symlink: /home/team6/robot_ws/src/team6_car/install/team6_car/share/team6_car/worlds/simple.world
[2.823s] -- Up-to-date symlink: /home/team6/robot_ws/src/team6_car/install/team6_car/share/team6_car/maps/.data
[2.826s] -- Up-to-date symlink: /home/team6/robot_ws/src/team6_car/install/team6_car/share/team6_car/maps/.posegraph
[2.832s] -- Up-to-date symlink: /home/team6/robot_ws/src/team6_car/install/team6_car/share/team6_car/maps/hallway.pgm
[2.835s] -- Up-to-date symlink: /home/team6/robot_ws/src/team6_car/install/team6_car/share/team6_car/maps/hallway.yaml
[2.838s] -- Up-to-date symlink: /home/team6/robot_ws/src/team6_car/install/team6_car/share/team6_car/maps/living room.data
[2.852s] -- Up-to-date symlink: /home/team6/robot_ws/src/team6_car/install/team6_car/share/team6_car/maps/living room.posegraph
[2.859s] -- Up-to-date symlink: /home/team6/robot_ws/src/team6_car/install/team6_car/share/team6_car/maps/living_room.pgm
[2.863s] -- Up-to-date symlink: /home/team6/robot_ws/src/team6_car/install/team6_car/share/team6_car/maps/living_room.yaml
[2.868s] -- Up-to-date symlink: /home/team6/robot_ws/src/team6_car/install/team6_car/share/team6_car/maps/newmap.pgm
[2.876s] -- Up-to-date symlink: /home/team6/robot_ws/src/team6_car/install/team6_car/share/team6_car/maps/newmap.yaml
[2.879s] -- Up-to-date symlink: /home/team6/robot_ws/src/team6_car/install/team6_car/share/ament_index/resource_index/package_run_dependencies/team6_car
[2.881s] -- Up-to-date symlink: /home/team6/robot_ws/src/team6_car/install/team6_car/share/ament_index/resource_index/parent_prefix_path/team6_car
[2.883s] -- Up-to-date symlink: /home/team6/robot_ws/src/team6_car/install/team6_car/share/team6_car/environment/ament_prefix_path.sh
[2.890s] -- Up-to-date symlink: /home/team6/robot_ws/src/team6_car/install/team6_car/share/team6_car/environment/ament_prefix_path.dsv
[2.894s] -- Up-to-date symlink: /home/team6/robot_ws/src/team6_car/install/team6_car/share/team6_car/environment/path.sh
[2.898s] -- Up-to-date symlink: /home/team6/robot_ws/src/team6_car/install/team6_car/share/team6_car/environment/path.dsv
[2.907s] -- Up-to-date symlink: /home/team6/robot_ws/src/team6_car/install/team6_car/share/team6_car/local_setup.bash
[2.908s] -- Up-to-date symlink: /home/team6/robot_ws/src/team6_car/install/team6_car/share/team6_car/local_setup.sh
[2.911s] -- Up-to-date symlink: /home/team6/robot_ws/src/team6_car/install/team6_car/share/team6_car/local_setup.zsh
[2.914s] -- Up-to-date symlink: /home/team6/robot_ws/src/team6_car/install/team6_car/share/team6_car/local_setup.dsv
[2.918s] -- Symlinking: /home/team6/robot_ws/src/team6_car/install/team6_car/share/team6_car/package.dsv
[3.142s] -- Up-to-date symlink: /home/team6/robot_ws/src/team6_car/install/team6_car/share/ament_index/resource_index/packages/team6_car
[3.144s] -- Up-to-date symlink: /home/team6/robot_ws/src/team6_car/install/team6_car/share/team6_car/cmake/team6_carConfig.cmake
[3.145s] -- Up-to-date symlink: /home/team6/robot_ws/src/team6_car/install/team6_car/share/team6_car/cmake/team6_carConfig-version.cmake
[3.147s] -- Up-to-date symlink: /home/team6/robot_ws/src/team6_car/install/team6_car/share/team6_car/package.xml
[3.170s] Invoked command in '/home/team6/robot_ws/src/team6_car/build/team6_car' returned '0': CMAKE_PREFIX_PATH=${CMAKE_PREFIX_PATH}:/home/team6/robot_ws/src/install/rqt_joint_trajectory_controller:/home/team6/robot_ws/src/install/rqt_controller_manager:/home/team6/robot_ws/src/install/ros2controlcli:/home/team6/robot_ws/src/install/ros2_controllers_test_nodes:/home/team6/robot_ws/micorros_ws/install/sensor_msgs_py:/opt/ros/humble /usr/bin/cmake --install /home/team6/robot_ws/src/team6_car/build/team6_car
