[0.546s] DEBUG:colcon:Command line arguments: ['/usr/bin/colcon', 'build', '--symlink-install']
[0.547s] DEBUG:colcon:Parsed command line arguments: Namespace(log_base=None, log_level=None, verb_name='build', build_base='build', install_base='install', merge_install=False, symlink_install=True, test_result_base=None, continue_on_error=False, executor='parallel', parallel_workers=4, event_handlers=None, ignore_user_meta=False, metas=['./colcon.meta'], base_paths=['.'], packages_ignore=None, packages_ignore_regex=None, paths=None, packages_up_to=None, packages_up_to_regex=None, packages_above=None, packages_above_and_dependencies=None, packages_above_depth=None, packages_select_by_dep=None, packages_skip_by_dep=None, packages_skip_up_to=None, packages_select_build_failed=False, packages_skip_build_finished=False, packages_select_test_failures=False, packages_skip_test_passed=False, packages_select=None, packages_skip=None, packages_select_regex=None, packages_skip_regex=None, packages_start=None, packages_end=None, allow_overriding=[], cmake_args=None, cmake_target=None, cmake_target_skip_unavailable=False, cmake_clean_cache=False, cmake_clean_first=False, cmake_force_configure=False, ament_cmake_args=None, catkin_cmake_args=None, catkin_skip_building_tests=False, verb_parser=<colcon_defaults.argument_parser.defaults.DefaultArgumentsDecorator object at 0xffff82f0e8c0>, verb_extension=<colcon_core.verb.build.BuildVerb object at 0xffff8301b4c0>, main=<bound method BuildVerb.main of <colcon_core.verb.build.BuildVerb object at 0xffff8301b4c0>>)
[1.477s] Level 1:colcon.colcon_core.package_discovery:discover_packages(colcon_meta) check parameters
[1.477s] Level 1:colcon.colcon_core.package_discovery:discover_packages(recursive) check parameters
[1.478s] Level 1:colcon.colcon_core.package_discovery:discover_packages(ignore) check parameters
[1.478s] Level 1:colcon.colcon_core.package_discovery:discover_packages(path) check parameters
[1.478s] Level 1:colcon.colcon_core.package_discovery:discover_packages(colcon_meta) discover
[1.478s] Level 1:colcon.colcon_core.package_discovery:discover_packages(recursive) discover
[1.478s] INFO:colcon.colcon_core.package_discovery:Crawling recursively for packages in '/home/team6/robot_ws/src/team6_car'
[1.479s] Level 1:colcon.colcon_core.package_identification:_identify(.) by extensions ['ignore', 'ignore_ament_install']
[1.479s] Level 1:colcon.colcon_core.package_identification:_identify(.) by extension 'ignore'
[1.479s] Level 1:colcon.colcon_core.package_identification:_identify(.) by extension 'ignore_ament_install'
[1.480s] Level 1:colcon.colcon_core.package_identification:_identify(.) by extensions ['colcon_pkg']
[1.480s] Level 1:colcon.colcon_core.package_identification:_identify(.) by extension 'colcon_pkg'
[1.480s] Level 1:colcon.colcon_core.package_identification:_identify(.) by extensions ['colcon_meta']
[1.480s] Level 1:colcon.colcon_core.package_identification:_identify(.) by extension 'colcon_meta'
[1.480s] Level 1:colcon.colcon_core.package_identification:_identify(.) by extensions ['ros']
[1.480s] Level 1:colcon.colcon_core.package_identification:_identify(.) by extension 'ros'
[1.538s] DEBUG:colcon.colcon_core.package_identification:Package '.' with type 'ros.ament_cmake' and name 'team6_car'
[1.539s] Level 1:colcon.colcon_core.package_discovery:discover_packages(recursive) using defaults
[1.539s] Level 1:colcon.colcon_core.package_discovery:discover_packages(ignore) discover
[1.539s] Level 1:colcon.colcon_core.package_discovery:discover_packages(ignore) using defaults
[1.539s] Level 1:colcon.colcon_core.package_discovery:discover_packages(path) discover
[1.539s] Level 1:colcon.colcon_core.package_discovery:discover_packages(path) using defaults
[1.637s] Level 1:colcon.colcon_core.package_discovery:discover_packages(prefix_path) check parameters
[1.638s] Level 1:colcon.colcon_core.package_discovery:discover_packages(prefix_path) discover
[1.658s] DEBUG:colcon.colcon_installed_package_information.package_discovery:Found 3 installed packages in /home/team6/ros2_ws/install
[1.660s] DEBUG:colcon.colcon_installed_package_information.package_discovery:Found 1 installed packages in /home/team6/ldlidar_ros_ws/install
[1.668s] DEBUG:colcon.colcon_installed_package_information.package_discovery:Found 39 installed packages in /home/team6/robot_ws/micorros_ws/install
[1.715s] DEBUG:colcon.colcon_installed_package_information.package_discovery:Found 331 installed packages in /opt/ros/humble
[1.728s] Level 1:colcon.colcon_core.package_discovery:discover_packages(prefix_path) using defaults
[1.936s] Level 5:colcon.colcon_core.verb:set package 'team6_car' build argument 'cmake_args' from command line to 'None'
[1.937s] Level 5:colcon.colcon_core.verb:set package 'team6_car' build argument 'cmake_target' from command line to 'None'
[1.937s] Level 5:colcon.colcon_core.verb:set package 'team6_car' build argument 'cmake_target_skip_unavailable' from command line to 'False'
[1.937s] Level 5:colcon.colcon_core.verb:set package 'team6_car' build argument 'cmake_clean_cache' from command line to 'False'
[1.937s] Level 5:colcon.colcon_core.verb:set package 'team6_car' build argument 'cmake_clean_first' from command line to 'False'
[1.937s] Level 5:colcon.colcon_core.verb:set package 'team6_car' build argument 'cmake_force_configure' from command line to 'False'
[1.937s] Level 5:colcon.colcon_core.verb:set package 'team6_car' build argument 'ament_cmake_args' from command line to 'None'
[1.937s] Level 5:colcon.colcon_core.verb:set package 'team6_car' build argument 'catkin_cmake_args' from command line to 'None'
[1.937s] Level 5:colcon.colcon_core.verb:set package 'team6_car' build argument 'catkin_skip_building_tests' from command line to 'False'
[1.938s] DEBUG:colcon.colcon_core.verb:Building package 'team6_car' with the following arguments: {'ament_cmake_args': None, 'build_base': '/home/team6/robot_ws/src/team6_car/build/team6_car', 'catkin_cmake_args': None, 'catkin_skip_building_tests': False, 'cmake_args': None, 'cmake_clean_cache': False, 'cmake_clean_first': False, 'cmake_force_configure': False, 'cmake_target': None, 'cmake_target_skip_unavailable': False, 'install_base': '/home/team6/robot_ws/src/team6_car/install/team6_car', 'merge_install': False, 'path': '/home/team6/robot_ws/src/team6_car', 'symlink_install': True, 'test_result_base': None}
[1.938s] INFO:colcon.colcon_core.executor:Executing jobs using 'parallel' executor
[1.941s] DEBUG:colcon.colcon_parallel_executor.executor.parallel:run_until_complete
[1.942s] INFO:colcon.colcon_ros.task.ament_cmake.build:Building ROS package in '/home/team6/robot_ws/src/team6_car' with build type 'ament_cmake'
[1.943s] INFO:colcon.colcon_cmake.task.cmake.build:Building CMake package in '/home/team6/robot_ws/src/team6_car'
[1.955s] INFO:colcon.colcon_core.plugin_system:Skipping extension 'colcon_core.shell.bat': Not used on non-Windows systems
[1.956s] INFO:colcon.colcon_core.shell:Skip shell extension 'powershell' for command environment: Not usable outside of PowerShell
[1.956s] DEBUG:colcon.colcon_core.shell:Skip shell extension 'dsv' for command environment
[2.027s] DEBUG:colcon.colcon_core.event_handler.log_command:Invoking command in '/home/team6/robot_ws/src/team6_car/build/team6_car': CMAKE_PREFIX_PATH=${CMAKE_PREFIX_PATH}:/home/team6/robot_ws/micorros_ws/install/sensor_msgs_py:/opt/ros/humble /usr/bin/cmake /home/team6/robot_ws/src/team6_car -DAMENT_CMAKE_SYMLINK_INSTALL=1 -DCMAKE_INSTALL_PREFIX=/home/team6/robot_ws/src/team6_car/install/team6_car
[26.199s] DEBUG:colcon.colcon_core.event_handler.log_command:Invoked command in '/home/team6/robot_ws/src/team6_car/build/team6_car' returned '0': CMAKE_PREFIX_PATH=${CMAKE_PREFIX_PATH}:/home/team6/robot_ws/micorros_ws/install/sensor_msgs_py:/opt/ros/humble /usr/bin/cmake /home/team6/robot_ws/src/team6_car -DAMENT_CMAKE_SYMLINK_INSTALL=1 -DCMAKE_INSTALL_PREFIX=/home/team6/robot_ws/src/team6_car/install/team6_car
[26.210s] DEBUG:colcon.colcon_core.event_handler.log_command:Invoking command in '/home/team6/robot_ws/src/team6_car/build/team6_car': CMAKE_PREFIX_PATH=${CMAKE_PREFIX_PATH}:/home/team6/robot_ws/micorros_ws/install/sensor_msgs_py:/opt/ros/humble /usr/bin/cmake --build /home/team6/robot_ws/src/team6_car/build/team6_car -- -j4 -l4
[26.546s] DEBUG:colcon.colcon_core.event_handler.log_command:Invoked command in '/home/team6/robot_ws/src/team6_car/build/team6_car' returned '0': CMAKE_PREFIX_PATH=${CMAKE_PREFIX_PATH}:/home/team6/robot_ws/micorros_ws/install/sensor_msgs_py:/opt/ros/humble /usr/bin/cmake --build /home/team6/robot_ws/src/team6_car/build/team6_car -- -j4 -l4
[26.879s] DEBUG:colcon.colcon_core.event_handler.log_command:Invoking command in '/home/team6/robot_ws/src/team6_car/build/team6_car': CMAKE_PREFIX_PATH=${CMAKE_PREFIX_PATH}:/home/team6/robot_ws/micorros_ws/install/sensor_msgs_py:/opt/ros/humble /usr/bin/cmake --install /home/team6/robot_ws/src/team6_car/build/team6_car
[29.049s] Level 1:colcon.colcon_core.environment:create_environment_scripts_only(team6_car)
[29.050s] DEBUG:colcon.colcon_core.event_handler.log_command:Invoked command in '/home/team6/robot_ws/src/team6_car/build/team6_car' returned '0': CMAKE_PREFIX_PATH=${CMAKE_PREFIX_PATH}:/home/team6/robot_ws/micorros_ws/install/sensor_msgs_py:/opt/ros/humble /usr/bin/cmake --install /home/team6/robot_ws/src/team6_car/build/team6_car
[29.066s] Level 1:colcon.colcon_core.environment:checking '/home/team6/robot_ws/src/team6_car/install/team6_car' for CMake module files
[29.069s] Level 1:colcon.colcon_core.environment:checking '/home/team6/robot_ws/src/team6_car/install/team6_car' for CMake config files
[29.070s] Level 1:colcon.colcon_core.shell:create_environment_hook('team6_car', 'cmake_prefix_path')
[29.071s] INFO:colcon.colcon_core.shell:Creating environment hook '/home/team6/robot_ws/src/team6_car/install/team6_car/share/team6_car/hook/cmake_prefix_path.ps1'
[29.074s] INFO:colcon.colcon_core.shell:Creating environment descriptor '/home/team6/robot_ws/src/team6_car/install/team6_car/share/team6_car/hook/cmake_prefix_path.dsv'
[29.075s] INFO:colcon.colcon_core.shell:Creating environment hook '/home/team6/robot_ws/src/team6_car/install/team6_car/share/team6_car/hook/cmake_prefix_path.sh'
[29.079s] Level 1:colcon.colcon_core.environment:checking '/home/team6/robot_ws/src/team6_car/install/team6_car/bin'
[29.079s] Level 1:colcon.colcon_core.environment:checking '/home/team6/robot_ws/src/team6_car/install/team6_car/lib/pkgconfig/team6_car.pc'
[29.080s] Level 1:colcon.colcon_core.environment:checking '/home/team6/robot_ws/src/team6_car/install/team6_car/lib/python3.10/site-packages'
[29.081s] Level 1:colcon.colcon_core.environment:checking '/home/team6/robot_ws/src/team6_car/install/team6_car/bin'
[29.082s] INFO:colcon.colcon_core.shell:Creating package script '/home/team6/robot_ws/src/team6_car/install/team6_car/share/team6_car/package.ps1'
[29.085s] INFO:colcon.colcon_core.shell:Creating package descriptor '/home/team6/robot_ws/src/team6_car/install/team6_car/share/team6_car/package.dsv'
[29.087s] INFO:colcon.colcon_core.shell:Creating package script '/home/team6/robot_ws/src/team6_car/install/team6_car/share/team6_car/package.sh'
[29.090s] INFO:colcon.colcon_core.shell:Creating package script '/home/team6/robot_ws/src/team6_car/install/team6_car/share/team6_car/package.bash'
[29.093s] INFO:colcon.colcon_core.shell:Creating package script '/home/team6/robot_ws/src/team6_car/install/team6_car/share/team6_car/package.zsh'
[29.095s] Level 1:colcon.colcon_core.environment:create_file_with_runtime_dependencies(/home/team6/robot_ws/src/team6_car/install/team6_car/share/colcon-core/packages/team6_car)
[29.345s] Level 1:colcon.colcon_core.environment:create_environment_scripts_only(team6_car)
[29.346s] Level 1:colcon.colcon_core.environment:checking '/home/team6/robot_ws/src/team6_car/install/team6_car' for CMake module files
[29.349s] Level 1:colcon.colcon_core.environment:checking '/home/team6/robot_ws/src/team6_car/install/team6_car' for CMake config files
[29.351s] Level 1:colcon.colcon_core.shell:create_environment_hook('team6_car', 'cmake_prefix_path')
[29.352s] INFO:colcon.colcon_core.shell:Creating environment hook '/home/team6/robot_ws/src/team6_car/install/team6_car/share/team6_car/hook/cmake_prefix_path.ps1'
[29.355s] INFO:colcon.colcon_core.shell:Creating environment descriptor '/home/team6/robot_ws/src/team6_car/install/team6_car/share/team6_car/hook/cmake_prefix_path.dsv'
[29.357s] INFO:colcon.colcon_core.shell:Creating environment hook '/home/team6/robot_ws/src/team6_car/install/team6_car/share/team6_car/hook/cmake_prefix_path.sh'
[29.361s] Level 1:colcon.colcon_core.environment:checking '/home/team6/robot_ws/src/team6_car/install/team6_car/bin'
[29.361s] Level 1:colcon.colcon_core.environment:checking '/home/team6/robot_ws/src/team6_car/install/team6_car/lib/pkgconfig/team6_car.pc'
[29.362s] Level 1:colcon.colcon_core.environment:checking '/home/team6/robot_ws/src/team6_car/install/team6_car/lib/python3.10/site-packages'
[29.363s] Level 1:colcon.colcon_core.environment:checking '/home/team6/robot_ws/src/team6_car/install/team6_car/bin'
[29.364s] INFO:colcon.colcon_core.shell:Creating package script '/home/team6/robot_ws/src/team6_car/install/team6_car/share/team6_car/package.ps1'
[29.367s] INFO:colcon.colcon_core.shell:Creating package descriptor '/home/team6/robot_ws/src/team6_car/install/team6_car/share/team6_car/package.dsv'
[29.369s] INFO:colcon.colcon_core.shell:Creating package script '/home/team6/robot_ws/src/team6_car/install/team6_car/share/team6_car/package.sh'
[29.371s] INFO:colcon.colcon_core.shell:Creating package script '/home/team6/robot_ws/src/team6_car/install/team6_car/share/team6_car/package.bash'
[29.373s] INFO:colcon.colcon_core.shell:Creating package script '/home/team6/robot_ws/src/team6_car/install/team6_car/share/team6_car/package.zsh'
[29.375s] Level 1:colcon.colcon_core.environment:create_file_with_runtime_dependencies(/home/team6/robot_ws/src/team6_car/install/team6_car/share/colcon-core/packages/team6_car)
[29.377s] DEBUG:colcon.colcon_parallel_executor.executor.parallel:closing loop
[29.378s] DEBUG:colcon.colcon_parallel_executor.executor.parallel:loop closed
[29.378s] DEBUG:colcon.colcon_parallel_executor.executor.parallel:run_until_complete finished with '0'
[29.379s] DEBUG:colcon.colcon_core.event_reactor:joining thread
[29.410s] INFO:colcon.colcon_core.plugin_system:Skipping extension 'colcon_notification.desktop_notification.terminal_notifier': Not used on non-Darwin systems
[29.410s] INFO:colcon.colcon_core.plugin_system:Skipping extension 'colcon_notification.desktop_notification.win32': Not used on non-Windows systems
[29.411s] INFO:colcon.colcon_notification.desktop_notification:Sending desktop notification using 'notify2'
[29.461s] DEBUG:colcon.colcon_core.event_reactor:joined thread
[29.462s] INFO:colcon.colcon_core.shell:Creating prefix script '/home/team6/robot_ws/src/team6_car/install/local_setup.ps1'
[29.465s] INFO:colcon.colcon_core.shell:Creating prefix util module '/home/team6/robot_ws/src/team6_car/install/_local_setup_util_ps1.py'
[29.470s] INFO:colcon.colcon_core.shell:Creating prefix chain script '/home/team6/robot_ws/src/team6_car/install/setup.ps1'
[29.487s] INFO:colcon.colcon_core.shell:Creating prefix script '/home/team6/robot_ws/src/team6_car/install/local_setup.sh'
[29.489s] INFO:colcon.colcon_core.shell:Creating prefix util module '/home/team6/robot_ws/src/team6_car/install/_local_setup_util_sh.py'
[29.491s] INFO:colcon.colcon_core.shell:Creating prefix chain script '/home/team6/robot_ws/src/team6_car/install/setup.sh'
[29.508s] INFO:colcon.colcon_core.shell:Creating prefix script '/home/team6/robot_ws/src/team6_car/install/local_setup.bash'
[29.510s] INFO:colcon.colcon_core.shell:Creating prefix chain script '/home/team6/robot_ws/src/team6_car/install/setup.bash'
[29.526s] INFO:colcon.colcon_core.shell:Creating prefix script '/home/team6/robot_ws/src/team6_car/install/local_setup.zsh'
[29.528s] INFO:colcon.colcon_core.shell:Creating prefix chain script '/home/team6/robot_ws/src/team6_car/install/setup.zsh'
